Info: Start Nativelink Simulation process

========= EDA Simulation Settings =====================

Sim Mode              :  Gate
Family                :  cycloneivgx
Quartus root          :  /Quartus/altera/13.0sp1/quartus/linux/
Quartus sim root      :  /Quartus/altera/13.0sp1/quartus/eda/sim_lib
Simulation Tool       :  riviera-pro
Simulation Language   :  verilog
Simulation Mode       :  GUI
Sim Output File       :  FIFO.vo
Sim SDF file          :  FIFO__verilog.sdo
Sim dir               :  simulation/rivierapro

=======================================================

Info: Starting NativeLink simulation with Riviera-PRO software
Sourced NativeLink script /Quartus/altera/13.0sp1/quartus/common/tcl/internal/nativelink/riviera-pro.tcl
Error: Can't launch the Riviera-PRO software -- the path to the location of the executables for the Riviera-PRO software were not specified or theexecutables were not found at specified path.
Error: You can specify the path in the EDA Tool Options page of the Options dialog box or using the Tcl command set_user_option.
Error: Can't launch the Riviera-PRO software -- the path to the location of the executables for the Riviera-PRO software were not specified or theexecutables were not found at specified path.
Error: NativeLink simulation flow was NOT successful



================The following additional information is provided to help identify the cause of error while running nativelink scripts=================
Nativelink TCL script failed with errorCode:  
Nativelink TCL script failed with errorInfo:  Can't launch the Riviera-PRO software -- the path to the location of the executables for the Riviera-PRO software were not specified or theexecutables were not found at specified path.
    while executing
"error "$emsg" ""  """
    (procedure "launch_sim" line 26)
    invoked from within
"launch_sim launch_args_hash"
    ("eval" body line 1)
    invoked from within
"eval launch_sim launch_args_hash"
    invoked from within
"if [ info exists ::errorCode ] {
				set savedCode $::errorCode
				set savedInfo $::errorInfo
				error $result $savedInfo $savedCode
			} else {
			..."
    invoked from within
"if [catch {eval launch_sim launch_args_hash} result ] {
			set status 1
			if [ info exists ::errorCode ] {
				set savedCode $::errorCode
				set sav..."
    (procedure "run_sim" line 78)
    invoked from within
"run_sim run_sim_args_hash"
    invoked from within
"if [ info exists ::errorCode ] {
			set savedCode $::errorCode
			set savedInfo $::errorInfo
			error "$result" $savedInfo $savedCode
		} else {
			er..."
    (procedure "run_eda_simulation_tool" line 330)
    invoked from within
"run_eda_simulation_tool eda_opts_hash"
