# vsim -c tb -do "run -all;quit" -l sim.log 
# Start time: 13:46:17 on Sep 26,2018
# ** Note: (vsim-8009) Loading existing optimized design _opt
# 
# //  Questa Sim-64
# //  Version 10.4e win64 Apr  9 2016
# //
# //  Copyright 1991-2016 Mentor Graphics Corporation
# //  All Rights Reserved.
# //
# //  THIS WORK CONTAINS TRADE SECRET AND PROPRIETARY INFORMATION
# //  WHICH IS THE PROPERTY OF MENTOR GRAPHICS CORPORATION OR ITS
# //  LICENSORS AND IS SUBJECT TO LICENSE TERMS.
# //  THIS DOCUMENT CONTAINS TRADE SECRETS AND COMMERCIAL OR FINANCIAL
# //  INFORMATION THAT ARE PRIVILEGED, CONFIDENTIAL, AND EXEMPT FROM
# //  DISCLOSURE UNDER THE FREEDOM OF INFORMATION ACT, 5 U.S.C. SECTION 552.
# //  FURTHERMORE, THIS INFORMATION IS PROHIBITED FROM DISCLOSURE UNDER
# //  THE TRADE SECRETS ACT, 18 U.S.C. SECTION 1905.
# //
# Loading work.tb(fast)
# run -all
# tb.monitor_blk time=0, clk=0,	rst=x,	en=x,	count=  x
# tb.monitor_blk time=5, clk=1,	rst=x,	en=x,	count=  x
# tb.monitor_blk time=10, clk=0,	rst=0,	en=1,	count=  x
# tb.monitor_blk time=15, clk=1,	rst=0,	en=1,	count=  0
# tb.monitor_blk time=20, clk=0,	rst=1,	en=1,	count=  0
# tb.monitor_blk time=25, clk=1,	rst=1,	en=1,	count=  1
# tb.monitor_blk time=30, clk=0,	rst=1,	en=x,	count=  1
# tb.monitor_blk time=35, clk=1,	rst=1,	en=x,	count=  1
# tb.monitor_blk time=40, clk=0,	rst=1,	en=1,	count=  1
# tb.monitor_blk time=45, clk=1,	rst=1,	en=1,	count=  2
# tb.monitor_blk time=50, clk=0,	rst=1,	en=1,	count=  2
# tb.monitor_blk time=55, clk=1,	rst=1,	en=1,	count=  3
# tb.monitor_blk time=60, clk=0,	rst=1,	en=1,	count=  3
# tb.monitor_blk time=65, clk=1,	rst=1,	en=1,	count=  4
# tb.monitor_blk time=70, clk=0,	rst=1,	en=z,	count=  4
# tb.monitor_blk time=75, clk=1,	rst=1,	en=z,	count=  4
# tb.monitor_blk time=80, clk=0,	rst=1,	en=z,	count=  4
# tb.monitor_blk time=85, clk=1,	rst=1,	en=z,	count=  4
# tb.monitor_blk time=90, clk=0,	rst=1,	en=z,	count=  4
# tb.monitor_blk time=95, clk=1,	rst=1,	en=z,	count=  4
# tb.monitor_blk time=100, clk=0,	rst=1,	en=z,	count=  4
# tb.monitor_blk time=105, clk=1,	rst=1,	en=z,	count=  4
# tb.monitor_blk time=110, clk=0,	rst=1,	en=1,	count=  4
# tb.monitor_blk time=115, clk=1,	rst=1,	en=1,	count=  5
# tb.monitor_blk time=120, clk=0,	rst=1,	en=1,	count=  5
# tb.monitor_blk time=125, clk=1,	rst=1,	en=1,	count=  6
# tb.monitor_blk time=130, clk=0,	rst=1,	en=1,	count=  6
# tb.monitor_blk time=135, clk=1,	rst=1,	en=1,	count=  7
# tb.monitor_blk time=140, clk=0,	rst=1,	en=1,	count=  7
# tb.monitor_blk time=145, clk=1,	rst=1,	en=1,	count=  8
# tb.monitor_blk time=150, clk=0,	rst=1,	en=1,	count=  8
# tb.monitor_blk time=155, clk=1,	rst=1,	en=1,	count=  9
# tb.monitor_blk time=160, clk=0,	rst=1,	en=1,	count=  9
# tb.monitor_blk time=165, clk=1,	rst=1,	en=1,	count= 10
# tb.monitor_blk time=170, clk=0,	rst=1,	en=1,	count= 10
# tb.monitor_blk time=175, clk=1,	rst=1,	en=1,	count= 11
# tb.monitor_blk time=180, clk=0,	rst=1,	en=1,	count= 11
# tb.monitor_blk time=185, clk=1,	rst=1,	en=1,	count= 12
# tb.monitor_blk time=190, clk=0,	rst=1,	en=1,	count= 12
# tb.monitor_blk time=195, clk=1,	rst=1,	en=1,	count= 13
# tb.monitor_blk time=200, clk=0,	rst=1,	en=1,	count= 13
# tb.monitor_blk time=205, clk=1,	rst=1,	en=1,	count= 14
# tb.monitor_blk time=210, clk=0,	rst=1,	en=1,	count= 14
# tb.monitor_blk time=215, clk=1,	rst=1,	en=1,	count= 15
# tb.monitor_blk time=220, clk=0,	rst=1,	en=1,	count= 15
# tb.monitor_blk time=225, clk=1,	rst=1,	en=1,	count= 16
# tb.monitor_blk time=230, clk=0,	rst=1,	en=1,	count= 16
# tb.monitor_blk time=235, clk=1,	rst=1,	en=1,	count= 17
# tb.monitor_blk time=240, clk=0,	rst=1,	en=1,	count= 17
# tb.monitor_blk time=245, clk=1,	rst=1,	en=1,	count= 18
# tb.monitor_blk time=250, clk=0,	rst=1,	en=1,	count= 18
# tb.monitor_blk time=255, clk=1,	rst=1,	en=1,	count= 19
# tb.monitor_blk time=260, clk=0,	rst=1,	en=1,	count= 19
# tb.monitor_blk time=265, clk=1,	rst=1,	en=1,	count= 20
# tb.monitor_blk time=270, clk=0,	rst=1,	en=1,	count= 20
# tb.monitor_blk time=275, clk=1,	rst=1,	en=1,	count= 21
# tb.monitor_blk time=280, clk=0,	rst=1,	en=1,	count= 21
# tb.monitor_blk time=285, clk=1,	rst=1,	en=1,	count= 22
# tb.monitor_blk time=290, clk=0,	rst=1,	en=1,	count= 22
# tb.monitor_blk time=295, clk=1,	rst=1,	en=1,	count= 23
# tb.monitor_blk time=300, clk=0,	rst=1,	en=1,	count= 23
# tb.monitor_blk time=305, clk=1,	rst=1,	en=1,	count= 24
# tb.monitor_blk time=310, clk=0,	rst=1,	en=1,	count= 24
# tb.monitor_blk time=315, clk=1,	rst=1,	en=1,	count= 25
# tb.monitor_blk time=320, clk=0,	rst=1,	en=1,	count= 25
# tb.monitor_blk time=325, clk=1,	rst=1,	en=1,	count= 26
# tb.monitor_blk time=330, clk=0,	rst=1,	en=1,	count= 26
# tb.monitor_blk time=335, clk=1,	rst=1,	en=1,	count= 27
# tb.monitor_blk time=340, clk=0,	rst=1,	en=1,	count= 27
# tb.monitor_blk time=345, clk=1,	rst=1,	en=1,	count= 28
# tb.monitor_blk time=350, clk=0,	rst=1,	en=1,	count= 28
# tb.monitor_blk time=355, clk=1,	rst=1,	en=1,	count= 29
# tb.monitor_blk time=360, clk=0,	rst=1,	en=1,	count= 29
# tb.monitor_blk time=365, clk=1,	rst=1,	en=1,	count= 30
# tb.monitor_blk time=370, clk=0,	rst=1,	en=1,	count= 30
# tb.monitor_blk time=375, clk=1,	rst=1,	en=1,	count= 31
# tb.monitor_blk time=380, clk=0,	rst=1,	en=1,	count= 31
# tb.monitor_blk time=385, clk=1,	rst=1,	en=1,	count= 32
# tb.monitor_blk time=390, clk=0,	rst=1,	en=1,	count= 32
# tb.monitor_blk time=395, clk=1,	rst=1,	en=1,	count= 33
# tb.monitor_blk time=400, clk=0,	rst=1,	en=1,	count= 33
# tb.monitor_blk time=405, clk=1,	rst=1,	en=1,	count= 34
# tb.monitor_blk time=410, clk=0,	rst=1,	en=1,	count= 34
# tb.monitor_blk time=415, clk=1,	rst=1,	en=1,	count= 35
# tb.monitor_blk time=420, clk=0,	rst=1,	en=1,	count= 35
# tb.monitor_blk time=425, clk=1,	rst=1,	en=1,	count= 36
# tb.monitor_blk time=430, clk=0,	rst=1,	en=1,	count= 36
# tb.monitor_blk time=435, clk=1,	rst=1,	en=1,	count= 37
# tb.monitor_blk time=440, clk=0,	rst=1,	en=1,	count= 37
# tb.monitor_blk time=445, clk=1,	rst=1,	en=1,	count= 38
# tb.monitor_blk time=450, clk=0,	rst=1,	en=1,	count= 38
# tb.monitor_blk time=455, clk=1,	rst=1,	en=1,	count= 39
# tb.monitor_blk time=460, clk=0,	rst=1,	en=1,	count= 39
# tb.monitor_blk time=465, clk=1,	rst=1,	en=1,	count= 40
# tb.monitor_blk time=470, clk=0,	rst=1,	en=1,	count= 40
# tb.monitor_blk time=475, clk=1,	rst=1,	en=1,	count= 41
# tb.monitor_blk time=480, clk=0,	rst=1,	en=1,	count= 41
# tb.monitor_blk time=485, clk=1,	rst=1,	en=1,	count= 42
# tb.monitor_blk time=490, clk=0,	rst=1,	en=1,	count= 42
# tb.monitor_blk time=495, clk=1,	rst=1,	en=1,	count= 43
# tb.monitor_blk time=500, clk=0,	rst=1,	en=1,	count= 43
# tb.monitor_blk time=505, clk=1,	rst=1,	en=1,	count= 44
# tb.monitor_blk time=510, clk=0,	rst=1,	en=1,	count= 44
# tb.monitor_blk time=515, clk=1,	rst=1,	en=1,	count= 45
# tb.monitor_blk time=520, clk=0,	rst=1,	en=1,	count= 45
# tb.monitor_blk time=525, clk=1,	rst=1,	en=1,	count= 46
# tb.monitor_blk time=530, clk=0,	rst=1,	en=1,	count= 46
# tb.monitor_blk time=535, clk=1,	rst=1,	en=1,	count= 47
# tb.monitor_blk time=540, clk=0,	rst=1,	en=1,	count= 47
# tb.monitor_blk time=545, clk=1,	rst=1,	en=1,	count= 48
# tb.monitor_blk time=550, clk=0,	rst=1,	en=1,	count= 48
# tb.monitor_blk time=555, clk=1,	rst=1,	en=1,	count= 49
# tb.monitor_blk time=560, clk=0,	rst=1,	en=1,	count= 49
# tb.monitor_blk time=565, clk=1,	rst=1,	en=1,	count= 50
# tb.monitor_blk time=570, clk=0,	rst=1,	en=1,	count= 50
# tb.monitor_blk time=575, clk=1,	rst=1,	en=1,	count= 51
# tb.monitor_blk time=580, clk=0,	rst=1,	en=1,	count= 51
# tb.monitor_blk time=585, clk=1,	rst=1,	en=1,	count= 52
# tb.monitor_blk time=590, clk=0,	rst=1,	en=1,	count= 52
# tb.monitor_blk time=595, clk=1,	rst=1,	en=1,	count= 53
# tb.monitor_blk time=600, clk=0,	rst=1,	en=1,	count= 53
# tb.monitor_blk time=605, clk=1,	rst=1,	en=1,	count= 54
# tb.monitor_blk time=610, clk=0,	rst=1,	en=1,	count= 54
# tb.monitor_blk time=615, clk=1,	rst=1,	en=1,	count= 55
# tb.monitor_blk time=620, clk=0,	rst=1,	en=1,	count= 55
# tb.monitor_blk time=625, clk=1,	rst=1,	en=1,	count= 56
# tb.monitor_blk time=630, clk=0,	rst=1,	en=1,	count= 56
# tb.monitor_blk time=635, clk=1,	rst=1,	en=1,	count= 57
# tb.monitor_blk time=640, clk=0,	rst=1,	en=1,	count= 57
# tb.monitor_blk time=645, clk=1,	rst=1,	en=1,	count= 58
# tb.monitor_blk time=650, clk=0,	rst=1,	en=1,	count= 58
# tb.monitor_blk time=655, clk=1,	rst=1,	en=1,	count= 59
# tb.monitor_blk time=660, clk=0,	rst=1,	en=1,	count= 59
# tb.monitor_blk time=665, clk=1,	rst=1,	en=1,	count= 60
# tb.monitor_blk time=670, clk=0,	rst=1,	en=1,	count= 60
# tb.monitor_blk time=675, clk=1,	rst=1,	en=1,	count= 61
# tb.monitor_blk time=680, clk=0,	rst=1,	en=1,	count= 61
# tb.monitor_blk time=685, clk=1,	rst=1,	en=1,	count= 62
# tb.monitor_blk time=690, clk=0,	rst=1,	en=1,	count= 62
# tb.monitor_blk time=695, clk=1,	rst=1,	en=1,	count= 63
# tb.monitor_blk time=700, clk=0,	rst=1,	en=1,	count= 63
# tb.monitor_blk time=705, clk=1,	rst=1,	en=1,	count= 64
# tb.monitor_blk time=710, clk=0,	rst=1,	en=1,	count= 64
# tb.monitor_blk time=715, clk=1,	rst=1,	en=1,	count= 65
# tb.monitor_blk time=720, clk=0,	rst=1,	en=1,	count= 65
# tb.monitor_blk time=725, clk=1,	rst=1,	en=1,	count= 66
# tb.monitor_blk time=730, clk=0,	rst=1,	en=1,	count= 66
# tb.monitor_blk time=735, clk=1,	rst=1,	en=1,	count= 67
# tb.monitor_blk time=740, clk=0,	rst=1,	en=1,	count= 67
# tb.monitor_blk time=745, clk=1,	rst=1,	en=1,	count= 68
# tb.monitor_blk time=750, clk=0,	rst=1,	en=1,	count= 68
# tb.monitor_blk time=755, clk=1,	rst=1,	en=1,	count= 69
# tb.monitor_blk time=760, clk=0,	rst=1,	en=1,	count= 69
# tb.monitor_blk time=765, clk=1,	rst=1,	en=1,	count= 70
# tb.monitor_blk time=770, clk=0,	rst=1,	en=1,	count= 70
# tb.monitor_blk time=775, clk=1,	rst=1,	en=1,	count= 71
# tb.monitor_blk time=780, clk=0,	rst=1,	en=1,	count= 71
# tb.monitor_blk time=785, clk=1,	rst=1,	en=1,	count= 72
# tb.monitor_blk time=790, clk=0,	rst=1,	en=1,	count= 72
# tb.monitor_blk time=795, clk=1,	rst=1,	en=1,	count= 73
# tb.monitor_blk time=800, clk=0,	rst=1,	en=1,	count= 73
# tb.monitor_blk time=805, clk=1,	rst=1,	en=1,	count= 74
# tb.monitor_blk time=810, clk=0,	rst=1,	en=1,	count= 74
# tb.monitor_blk time=815, clk=1,	rst=1,	en=1,	count= 75
# tb.monitor_blk time=820, clk=0,	rst=1,	en=1,	count= 75
# tb.monitor_blk time=825, clk=1,	rst=1,	en=1,	count= 76
# tb.monitor_blk time=830, clk=0,	rst=1,	en=1,	count= 76
# tb.monitor_blk time=835, clk=1,	rst=1,	en=1,	count= 77
# tb.monitor_blk time=840, clk=0,	rst=1,	en=1,	count= 77
# tb.monitor_blk time=845, clk=1,	rst=1,	en=1,	count= 78
# tb.monitor_blk time=850, clk=0,	rst=1,	en=1,	count= 78
# tb.monitor_blk time=855, clk=1,	rst=1,	en=1,	count= 79
# tb.monitor_blk time=860, clk=0,	rst=1,	en=1,	count= 79
# tb.monitor_blk time=865, clk=1,	rst=1,	en=1,	count= 80
# tb.monitor_blk time=870, clk=0,	rst=1,	en=1,	count= 80
# tb.monitor_blk time=875, clk=1,	rst=1,	en=1,	count= 81
# tb.monitor_blk time=880, clk=0,	rst=1,	en=1,	count= 81
# tb.monitor_blk time=885, clk=1,	rst=1,	en=1,	count= 82
# tb.monitor_blk time=890, clk=0,	rst=1,	en=1,	count= 82
# tb.monitor_blk time=895, clk=1,	rst=1,	en=1,	count= 83
# tb.monitor_blk time=900, clk=0,	rst=1,	en=1,	count= 83
# tb.monitor_blk time=905, clk=1,	rst=1,	en=1,	count= 84
# tb.monitor_blk time=910, clk=0,	rst=1,	en=1,	count= 84
# tb.monitor_blk time=915, clk=1,	rst=1,	en=1,	count= 85
# tb.monitor_blk time=920, clk=0,	rst=1,	en=1,	count= 85
# tb.monitor_blk time=925, clk=1,	rst=1,	en=1,	count= 86
# tb.monitor_blk time=930, clk=0,	rst=1,	en=1,	count= 86
# tb.monitor_blk time=935, clk=1,	rst=1,	en=1,	count= 87
# tb.monitor_blk time=940, clk=0,	rst=1,	en=1,	count= 87
# tb.monitor_blk time=945, clk=1,	rst=1,	en=1,	count= 88
# tb.monitor_blk time=950, clk=0,	rst=1,	en=1,	count= 88
# tb.monitor_blk time=955, clk=1,	rst=1,	en=1,	count= 89
# tb.monitor_blk time=960, clk=0,	rst=1,	en=1,	count= 89
# tb.monitor_blk time=965, clk=1,	rst=1,	en=1,	count= 90
# tb.monitor_blk time=970, clk=0,	rst=1,	en=1,	count= 90
# tb.monitor_blk time=975, clk=1,	rst=1,	en=1,	count= 91
# tb.monitor_blk time=980, clk=0,	rst=1,	en=1,	count= 91
# tb.monitor_blk time=985, clk=1,	rst=1,	en=1,	count= 92
# tb.monitor_blk time=990, clk=0,	rst=1,	en=1,	count= 92
# tb.monitor_blk time=995, clk=1,	rst=1,	en=1,	count= 93
# tb.monitor_blk time=1000, clk=0,	rst=1,	en=1,	count= 93
# tb.monitor_blk time=1005, clk=1,	rst=1,	en=1,	count= 94
# tb.monitor_blk time=1010, clk=0,	rst=1,	en=1,	count= 94
# tb.monitor_blk time=1015, clk=1,	rst=1,	en=1,	count= 95
# tb.monitor_blk time=1020, clk=0,	rst=1,	en=1,	count= 95
# tb.monitor_blk time=1025, clk=1,	rst=1,	en=1,	count= 96
# tb.monitor_blk time=1030, clk=0,	rst=1,	en=1,	count= 96
# tb.monitor_blk time=1035, clk=1,	rst=1,	en=1,	count= 97
# tb.monitor_blk time=1040, clk=0,	rst=1,	en=1,	count= 97
# tb.monitor_blk time=1045, clk=1,	rst=1,	en=1,	count= 98
# tb.monitor_blk time=1050, clk=0,	rst=1,	en=1,	count= 98
# tb.monitor_blk time=1055, clk=1,	rst=1,	en=1,	count= 99
# tb.monitor_blk time=1060, clk=0,	rst=1,	en=1,	count= 99
# tb.monitor_blk time=1065, clk=1,	rst=1,	en=1,	count=100
# tb.monitor_blk time=1070, clk=0,	rst=1,	en=1,	count=100
# tb.monitor_blk time=1075, clk=1,	rst=1,	en=1,	count=101
# tb.monitor_blk time=1080, clk=0,	rst=1,	en=1,	count=101
# tb.monitor_blk time=1085, clk=1,	rst=1,	en=1,	count=102
# tb.monitor_blk time=1090, clk=0,	rst=1,	en=1,	count=102
# tb.monitor_blk time=1095, clk=1,	rst=1,	en=1,	count=103
# tb.monitor_blk time=1100, clk=0,	rst=1,	en=1,	count=103
# tb.monitor_blk time=1105, clk=1,	rst=1,	en=1,	count=104
# tb.monitor_blk time=1110, clk=0,	rst=1,	en=1,	count=104
# tb.monitor_blk time=1115, clk=1,	rst=1,	en=1,	count=105
# tb.monitor_blk time=1120, clk=0,	rst=1,	en=1,	count=105
# tb.monitor_blk time=1125, clk=1,	rst=1,	en=1,	count=106
# tb.monitor_blk time=1130, clk=0,	rst=1,	en=1,	count=106
# tb.monitor_blk time=1135, clk=1,	rst=1,	en=1,	count=107
# tb.monitor_blk time=1140, clk=0,	rst=1,	en=1,	count=107
# tb.monitor_blk time=1145, clk=1,	rst=1,	en=1,	count=108
# tb.monitor_blk time=1150, clk=0,	rst=1,	en=1,	count=108
# tb.monitor_blk time=1155, clk=1,	rst=1,	en=1,	count=109
# tb.monitor_blk time=1160, clk=0,	rst=1,	en=1,	count=109
# tb.monitor_blk time=1165, clk=1,	rst=1,	en=1,	count=110
# tb.monitor_blk time=1170, clk=0,	rst=1,	en=1,	count=110
# tb.monitor_blk time=1175, clk=1,	rst=1,	en=1,	count=111
# tb.monitor_blk time=1180, clk=0,	rst=1,	en=1,	count=111
# tb.monitor_blk time=1185, clk=1,	rst=1,	en=1,	count=112
# tb.monitor_blk time=1190, clk=0,	rst=1,	en=1,	count=112
# tb.monitor_blk time=1195, clk=1,	rst=1,	en=1,	count=113
# tb.monitor_blk time=1200, clk=0,	rst=1,	en=1,	count=113
# tb.monitor_blk time=1205, clk=1,	rst=1,	en=1,	count=114
# tb.monitor_blk time=1210, clk=0,	rst=1,	en=1,	count=114
# tb.monitor_blk time=1215, clk=1,	rst=1,	en=1,	count=115
# tb.monitor_blk time=1220, clk=0,	rst=1,	en=1,	count=115
# tb.monitor_blk time=1225, clk=1,	rst=1,	en=1,	count=116
# tb.monitor_blk time=1230, clk=0,	rst=1,	en=1,	count=116
# tb.monitor_blk time=1235, clk=1,	rst=1,	en=1,	count=117
# tb.monitor_blk time=1240, clk=0,	rst=1,	en=1,	count=117
# tb.monitor_blk time=1245, clk=1,	rst=1,	en=1,	count=118
# tb.monitor_blk time=1250, clk=0,	rst=1,	en=1,	count=118
# tb.monitor_blk time=1255, clk=1,	rst=1,	en=1,	count=119
# tb.monitor_blk time=1260, clk=0,	rst=1,	en=1,	count=119
# tb.monitor_blk time=1265, clk=1,	rst=1,	en=1,	count=120
# tb.monitor_blk time=1270, clk=0,	rst=1,	en=1,	count=120
# tb.monitor_blk time=1275, clk=1,	rst=1,	en=1,	count=121
# tb.monitor_blk time=1280, clk=0,	rst=1,	en=1,	count=121
# tb.monitor_blk time=1285, clk=1,	rst=1,	en=1,	count=122
# tb.monitor_blk time=1290, clk=0,	rst=1,	en=1,	count=122
# tb.monitor_blk time=1295, clk=1,	rst=1,	en=1,	count=123
# tb.monitor_blk time=1300, clk=0,	rst=1,	en=1,	count=123
# tb.monitor_blk time=1305, clk=1,	rst=1,	en=1,	count=124
# tb.monitor_blk time=1310, clk=0,	rst=1,	en=1,	count=124
# tb.monitor_blk time=1315, clk=1,	rst=1,	en=1,	count=125
# tb.monitor_blk time=1320, clk=0,	rst=1,	en=1,	count=125
# tb.monitor_blk time=1325, clk=1,	rst=1,	en=1,	count=126
# tb.monitor_blk time=1330, clk=0,	rst=1,	en=1,	count=126
# tb.monitor_blk time=1335, clk=1,	rst=1,	en=1,	count=127
# tb.monitor_blk time=1340, clk=0,	rst=1,	en=1,	count=127
# tb.monitor_blk time=1345, clk=1,	rst=1,	en=1,	count=128
# tb.monitor_blk time=1350, clk=0,	rst=1,	en=1,	count=128
# tb.monitor_blk time=1355, clk=1,	rst=1,	en=1,	count=129
# tb.monitor_blk time=1360, clk=0,	rst=1,	en=1,	count=129
# tb.monitor_blk time=1365, clk=1,	rst=1,	en=1,	count=130
# tb.monitor_blk time=1370, clk=0,	rst=1,	en=1,	count=130
# tb.monitor_blk time=1375, clk=1,	rst=1,	en=1,	count=131
# tb.monitor_blk time=1380, clk=0,	rst=1,	en=1,	count=131
# tb.monitor_blk time=1385, clk=1,	rst=1,	en=1,	count=132
# tb.monitor_blk time=1390, clk=0,	rst=1,	en=1,	count=132
# tb.monitor_blk time=1395, clk=1,	rst=1,	en=1,	count=133
# tb.monitor_blk time=1400, clk=0,	rst=1,	en=1,	count=133
# tb.monitor_blk time=1405, clk=1,	rst=1,	en=1,	count=134
# tb.monitor_blk time=1410, clk=0,	rst=1,	en=1,	count=134
# tb.monitor_blk time=1415, clk=1,	rst=1,	en=1,	count=135
# tb.monitor_blk time=1420, clk=0,	rst=1,	en=1,	count=135
# tb.monitor_blk time=1425, clk=1,	rst=1,	en=1,	count=136
# tb.monitor_blk time=1430, clk=0,	rst=1,	en=1,	count=136
# tb.monitor_blk time=1435, clk=1,	rst=1,	en=1,	count=137
# tb.monitor_blk time=1440, clk=0,	rst=1,	en=1,	count=137
# tb.monitor_blk time=1445, clk=1,	rst=1,	en=1,	count=138
# tb.monitor_blk time=1450, clk=0,	rst=1,	en=1,	count=138
# tb.monitor_blk time=1455, clk=1,	rst=1,	en=1,	count=139
# tb.monitor_blk time=1460, clk=0,	rst=1,	en=1,	count=139
# tb.monitor_blk time=1465, clk=1,	rst=1,	en=1,	count=140
# tb.monitor_blk time=1470, clk=0,	rst=1,	en=1,	count=140
# tb.monitor_blk time=1475, clk=1,	rst=1,	en=1,	count=141
# tb.monitor_blk time=1480, clk=0,	rst=1,	en=1,	count=141
# tb.monitor_blk time=1485, clk=1,	rst=1,	en=1,	count=142
# tb.monitor_blk time=1490, clk=0,	rst=1,	en=1,	count=142
# tb.monitor_blk time=1495, clk=1,	rst=1,	en=1,	count=143
# tb.monitor_blk time=1500, clk=0,	rst=1,	en=1,	count=143
# tb.monitor_blk time=1505, clk=1,	rst=1,	en=1,	count=144
# tb.monitor_blk time=1510, clk=0,	rst=1,	en=1,	count=144
# tb.monitor_blk time=1515, clk=1,	rst=1,	en=1,	count=145
# tb.monitor_blk time=1520, clk=0,	rst=1,	en=1,	count=145
# tb.monitor_blk time=1525, clk=1,	rst=1,	en=1,	count=146
# tb.monitor_blk time=1530, clk=0,	rst=1,	en=1,	count=146
# tb.monitor_blk time=1535, clk=1,	rst=1,	en=1,	count=147
# tb.monitor_blk time=1540, clk=0,	rst=1,	en=1,	count=147
# tb.monitor_blk time=1545, clk=1,	rst=1,	en=1,	count=148
# tb.monitor_blk time=1550, clk=0,	rst=1,	en=1,	count=148
# tb.monitor_blk time=1555, clk=1,	rst=1,	en=1,	count=149
# tb.monitor_blk time=1560, clk=0,	rst=1,	en=1,	count=149
# tb.monitor_blk time=1565, clk=1,	rst=1,	en=1,	count=150
# tb.monitor_blk time=1570, clk=0,	rst=1,	en=1,	count=150
# tb.monitor_blk time=1575, clk=1,	rst=1,	en=1,	count=151
# tb.monitor_blk time=1580, clk=0,	rst=1,	en=1,	count=151
# tb.monitor_blk time=1585, clk=1,	rst=1,	en=1,	count=152
# tb.monitor_blk time=1590, clk=0,	rst=1,	en=1,	count=152
# tb.monitor_blk time=1595, clk=1,	rst=1,	en=1,	count=153
# tb.monitor_blk time=1600, clk=0,	rst=1,	en=1,	count=153
# tb.monitor_blk time=1605, clk=1,	rst=1,	en=1,	count=154
# tb.monitor_blk time=1610, clk=0,	rst=1,	en=1,	count=154
# tb.monitor_blk time=1615, clk=1,	rst=1,	en=1,	count=155
# tb.monitor_blk time=1620, clk=0,	rst=1,	en=1,	count=155
# tb.monitor_blk time=1625, clk=1,	rst=1,	en=1,	count=156
# tb.monitor_blk time=1630, clk=0,	rst=1,	en=1,	count=156
# tb.monitor_blk time=1635, clk=1,	rst=1,	en=1,	count=157
# tb.monitor_blk time=1640, clk=0,	rst=1,	en=1,	count=157
# tb.monitor_blk time=1645, clk=1,	rst=1,	en=1,	count=158
# tb.monitor_blk time=1650, clk=0,	rst=1,	en=1,	count=158
# tb.monitor_blk time=1655, clk=1,	rst=1,	en=1,	count=159
# tb.monitor_blk time=1660, clk=0,	rst=1,	en=1,	count=159
# tb.monitor_blk time=1665, clk=1,	rst=1,	en=1,	count=160
# tb.monitor_blk time=1670, clk=0,	rst=1,	en=1,	count=160
# tb.monitor_blk time=1675, clk=1,	rst=1,	en=1,	count=161
# tb.monitor_blk time=1680, clk=0,	rst=1,	en=1,	count=161
# tb.monitor_blk time=1685, clk=1,	rst=1,	en=1,	count=162
# tb.monitor_blk time=1690, clk=0,	rst=1,	en=1,	count=162
# tb.monitor_blk time=1695, clk=1,	rst=1,	en=1,	count=163
# tb.monitor_blk time=1700, clk=0,	rst=1,	en=1,	count=163
# tb.monitor_blk time=1705, clk=1,	rst=1,	en=1,	count=164
# tb.monitor_blk time=1710, clk=0,	rst=1,	en=1,	count=164
# tb.monitor_blk time=1715, clk=1,	rst=1,	en=1,	count=165
# tb.monitor_blk time=1720, clk=0,	rst=1,	en=1,	count=165
# tb.monitor_blk time=1725, clk=1,	rst=1,	en=1,	count=166
# tb.monitor_blk time=1730, clk=0,	rst=1,	en=1,	count=166
# tb.monitor_blk time=1735, clk=1,	rst=1,	en=1,	count=167
# tb.monitor_blk time=1740, clk=0,	rst=1,	en=1,	count=167
# tb.monitor_blk time=1745, clk=1,	rst=1,	en=1,	count=168
# tb.monitor_blk time=1750, clk=0,	rst=1,	en=1,	count=168
# tb.monitor_blk time=1755, clk=1,	rst=1,	en=1,	count=169
# tb.monitor_blk time=1760, clk=0,	rst=1,	en=1,	count=169
# tb.monitor_blk time=1765, clk=1,	rst=1,	en=1,	count=170
# tb.monitor_blk time=1770, clk=0,	rst=1,	en=1,	count=170
# tb.monitor_blk time=1775, clk=1,	rst=1,	en=1,	count=171
# tb.monitor_blk time=1780, clk=0,	rst=1,	en=1,	count=171
# tb.monitor_blk time=1785, clk=1,	rst=1,	en=1,	count=172
# tb.monitor_blk time=1790, clk=0,	rst=1,	en=1,	count=172
# tb.monitor_blk time=1795, clk=1,	rst=1,	en=1,	count=173
# tb.monitor_blk time=1800, clk=0,	rst=1,	en=1,	count=173
# tb.monitor_blk time=1805, clk=1,	rst=1,	en=1,	count=174
# tb.monitor_blk time=1810, clk=0,	rst=1,	en=1,	count=174
# tb.monitor_blk time=1815, clk=1,	rst=1,	en=1,	count=175
# tb.monitor_blk time=1820, clk=0,	rst=1,	en=1,	count=175
# tb.monitor_blk time=1825, clk=1,	rst=1,	en=1,	count=176
# tb.monitor_blk time=1830, clk=0,	rst=1,	en=1,	count=176
# tb.monitor_blk time=1835, clk=1,	rst=1,	en=1,	count=177
# tb.monitor_blk time=1840, clk=0,	rst=1,	en=1,	count=177
# tb.monitor_blk time=1845, clk=1,	rst=1,	en=1,	count=178
# tb.monitor_blk time=1850, clk=0,	rst=1,	en=1,	count=178
# tb.monitor_blk time=1855, clk=1,	rst=1,	en=1,	count=179
# tb.monitor_blk time=1860, clk=0,	rst=1,	en=1,	count=179
# tb.monitor_blk time=1865, clk=1,	rst=1,	en=1,	count=180
# tb.monitor_blk time=1870, clk=0,	rst=1,	en=1,	count=180
# tb.monitor_blk time=1875, clk=1,	rst=1,	en=1,	count=181
# tb.monitor_blk time=1880, clk=0,	rst=1,	en=1,	count=181
# tb.monitor_blk time=1885, clk=1,	rst=1,	en=1,	count=182
# tb.monitor_blk time=1890, clk=0,	rst=1,	en=1,	count=182
# tb.monitor_blk time=1895, clk=1,	rst=1,	en=1,	count=183
# tb.monitor_blk time=1900, clk=0,	rst=1,	en=1,	count=183
# tb.monitor_blk time=1905, clk=1,	rst=1,	en=1,	count=184
# tb.monitor_blk time=1910, clk=0,	rst=1,	en=1,	count=184
# tb.monitor_blk time=1915, clk=1,	rst=1,	en=1,	count=185
# tb.monitor_blk time=1920, clk=0,	rst=1,	en=1,	count=185
# tb.monitor_blk time=1925, clk=1,	rst=1,	en=1,	count=186
# tb.monitor_blk time=1930, clk=0,	rst=1,	en=1,	count=186
# tb.monitor_blk time=1935, clk=1,	rst=1,	en=1,	count=187
# tb.monitor_blk time=1940, clk=0,	rst=1,	en=1,	count=187
# tb.monitor_blk time=1945, clk=1,	rst=1,	en=1,	count=188
# tb.monitor_blk time=1950, clk=0,	rst=1,	en=1,	count=188
# tb.monitor_blk time=1955, clk=1,	rst=1,	en=1,	count=189
# tb.monitor_blk time=1960, clk=0,	rst=1,	en=1,	count=189
# tb.monitor_blk time=1965, clk=1,	rst=1,	en=1,	count=190
# tb.monitor_blk time=1970, clk=0,	rst=1,	en=1,	count=190
# tb.monitor_blk time=1975, clk=1,	rst=1,	en=1,	count=191
# tb.monitor_blk time=1980, clk=0,	rst=1,	en=1,	count=191
# tb.monitor_blk time=1985, clk=1,	rst=1,	en=1,	count=192
# tb.monitor_blk time=1990, clk=0,	rst=1,	en=1,	count=192
# tb.monitor_blk time=1995, clk=1,	rst=1,	en=1,	count=193
# tb.monitor_blk time=2000, clk=0,	rst=1,	en=1,	count=193
# tb.monitor_blk time=2005, clk=1,	rst=1,	en=1,	count=194
# tb.monitor_blk time=2010, clk=0,	rst=1,	en=1,	count=194
# tb.monitor_blk time=2015, clk=1,	rst=1,	en=1,	count=195
# tb.monitor_blk time=2020, clk=0,	rst=1,	en=1,	count=195
# tb.monitor_blk time=2025, clk=1,	rst=1,	en=1,	count=196
# tb.monitor_blk time=2030, clk=0,	rst=1,	en=1,	count=196
# tb.monitor_blk time=2035, clk=1,	rst=1,	en=1,	count=197
# tb.monitor_blk time=2040, clk=0,	rst=1,	en=1,	count=197
# tb.monitor_blk time=2045, clk=1,	rst=1,	en=1,	count=198
# tb.monitor_blk time=2050, clk=0,	rst=1,	en=1,	count=198
# tb.monitor_blk time=2055, clk=1,	rst=1,	en=1,	count=199
# tb.monitor_blk time=2060, clk=0,	rst=1,	en=1,	count=199
# tb.monitor_blk time=2065, clk=1,	rst=1,	en=1,	count=200
# tb.monitor_blk time=2070, clk=0,	rst=1,	en=1,	count=200
# tb.monitor_blk time=2075, clk=1,	rst=1,	en=1,	count=201
# tb.monitor_blk time=2080, clk=0,	rst=1,	en=1,	count=201
# tb.monitor_blk time=2085, clk=1,	rst=1,	en=1,	count=202
# tb.monitor_blk time=2090, clk=0,	rst=1,	en=1,	count=202
# tb.monitor_blk time=2095, clk=1,	rst=1,	en=1,	count=203
# tb.monitor_blk time=2100, clk=0,	rst=1,	en=1,	count=203
# tb.monitor_blk time=2105, clk=1,	rst=1,	en=1,	count=204
# tb.monitor_blk time=2110, clk=0,	rst=1,	en=1,	count=204
# tb.monitor_blk time=2115, clk=1,	rst=1,	en=1,	count=205
# tb.monitor_blk time=2120, clk=0,	rst=1,	en=1,	count=205
# tb.monitor_blk time=2125, clk=1,	rst=1,	en=1,	count=206
# tb.monitor_blk time=2130, clk=0,	rst=1,	en=1,	count=206
# tb.monitor_blk time=2135, clk=1,	rst=1,	en=1,	count=207
# tb.monitor_blk time=2140, clk=0,	rst=1,	en=1,	count=207
# tb.monitor_blk time=2145, clk=1,	rst=1,	en=1,	count=208
# tb.monitor_blk time=2150, clk=0,	rst=1,	en=1,	count=208
# tb.monitor_blk time=2155, clk=1,	rst=1,	en=1,	count=209
# tb.monitor_blk time=2160, clk=0,	rst=1,	en=1,	count=209
# tb.monitor_blk time=2165, clk=1,	rst=1,	en=1,	count=210
# tb.monitor_blk time=2170, clk=0,	rst=1,	en=1,	count=210
# tb.monitor_blk time=2175, clk=1,	rst=1,	en=1,	count=211
# tb.monitor_blk time=2180, clk=0,	rst=1,	en=1,	count=211
# tb.monitor_blk time=2185, clk=1,	rst=1,	en=1,	count=212
# tb.monitor_blk time=2190, clk=0,	rst=1,	en=1,	count=212
# tb.monitor_blk time=2195, clk=1,	rst=1,	en=1,	count=213
# tb.monitor_blk time=2200, clk=0,	rst=1,	en=1,	count=213
# tb.monitor_blk time=2205, clk=1,	rst=1,	en=1,	count=214
# tb.monitor_blk time=2210, clk=0,	rst=1,	en=1,	count=214
# tb.monitor_blk time=2215, clk=1,	rst=1,	en=1,	count=215
# tb.monitor_blk time=2220, clk=0,	rst=1,	en=1,	count=215
# tb.monitor_blk time=2225, clk=1,	rst=1,	en=1,	count=216
# tb.monitor_blk time=2230, clk=0,	rst=1,	en=1,	count=216
# tb.monitor_blk time=2235, clk=1,	rst=1,	en=1,	count=217
# tb.monitor_blk time=2240, clk=0,	rst=1,	en=1,	count=217
# tb.monitor_blk time=2245, clk=1,	rst=1,	en=1,	count=218
# tb.monitor_blk time=2250, clk=0,	rst=1,	en=1,	count=218
# tb.monitor_blk time=2255, clk=1,	rst=1,	en=1,	count=219
# tb.monitor_blk time=2260, clk=0,	rst=1,	en=1,	count=219
# tb.monitor_blk time=2265, clk=1,	rst=1,	en=1,	count=220
# tb.monitor_blk time=2270, clk=0,	rst=1,	en=1,	count=220
# tb.monitor_blk time=2275, clk=1,	rst=1,	en=1,	count=221
# tb.monitor_blk time=2280, clk=0,	rst=1,	en=1,	count=221
# tb.monitor_blk time=2285, clk=1,	rst=1,	en=1,	count=222
# tb.monitor_blk time=2290, clk=0,	rst=1,	en=1,	count=222
# tb.monitor_blk time=2295, clk=1,	rst=1,	en=1,	count=223
# tb.monitor_blk time=2300, clk=0,	rst=1,	en=1,	count=223
# tb.monitor_blk time=2305, clk=1,	rst=1,	en=1,	count=224
# tb.monitor_blk time=2310, clk=0,	rst=1,	en=1,	count=224
# tb.monitor_blk time=2315, clk=1,	rst=1,	en=1,	count=225
# tb.monitor_blk time=2320, clk=0,	rst=1,	en=1,	count=225
# tb.monitor_blk time=2325, clk=1,	rst=1,	en=1,	count=226
# tb.monitor_blk time=2330, clk=0,	rst=1,	en=1,	count=226
# tb.monitor_blk time=2335, clk=1,	rst=1,	en=1,	count=227
# tb.monitor_blk time=2340, clk=0,	rst=1,	en=1,	count=227
# tb.monitor_blk time=2345, clk=1,	rst=1,	en=1,	count=228
# tb.monitor_blk time=2350, clk=0,	rst=1,	en=1,	count=228
# tb.monitor_blk time=2355, clk=1,	rst=1,	en=1,	count=229
# tb.monitor_blk time=2360, clk=0,	rst=1,	en=1,	count=229
# tb.monitor_blk time=2365, clk=1,	rst=1,	en=1,	count=230
# tb.monitor_blk time=2370, clk=0,	rst=1,	en=1,	count=230
# tb.monitor_blk time=2375, clk=1,	rst=1,	en=1,	count=231
# tb.monitor_blk time=2380, clk=0,	rst=1,	en=1,	count=231
# tb.monitor_blk time=2385, clk=1,	rst=1,	en=1,	count=232
# tb.monitor_blk time=2390, clk=0,	rst=1,	en=1,	count=232
# tb.monitor_blk time=2395, clk=1,	rst=1,	en=1,	count=233
# tb.monitor_blk time=2400, clk=0,	rst=1,	en=1,	count=233
# tb.monitor_blk time=2405, clk=1,	rst=1,	en=1,	count=234
# tb.monitor_blk time=2410, clk=0,	rst=1,	en=1,	count=234
# tb.monitor_blk time=2415, clk=1,	rst=1,	en=1,	count=235
# tb.monitor_blk time=2420, clk=0,	rst=1,	en=1,	count=235
# tb.monitor_blk time=2425, clk=1,	rst=1,	en=1,	count=236
# tb.monitor_blk time=2430, clk=0,	rst=1,	en=1,	count=236
# tb.monitor_blk time=2435, clk=1,	rst=1,	en=1,	count=237
# tb.monitor_blk time=2440, clk=0,	rst=1,	en=1,	count=237
# tb.monitor_blk time=2445, clk=1,	rst=1,	en=1,	count=238
# tb.monitor_blk time=2450, clk=0,	rst=1,	en=1,	count=238
# tb.monitor_blk time=2455, clk=1,	rst=1,	en=1,	count=239
# tb.monitor_blk time=2460, clk=0,	rst=1,	en=1,	count=239
# tb.monitor_blk time=2465, clk=1,	rst=1,	en=1,	count=240
# tb.monitor_blk time=2470, clk=0,	rst=1,	en=1,	count=240
# tb.monitor_blk time=2475, clk=1,	rst=1,	en=1,	count=241
# tb.monitor_blk time=2480, clk=0,	rst=1,	en=1,	count=241
# tb.monitor_blk time=2485, clk=1,	rst=1,	en=1,	count=242
# tb.monitor_blk time=2490, clk=0,	rst=1,	en=1,	count=242
# tb.monitor_blk time=2495, clk=1,	rst=1,	en=1,	count=243
# tb.monitor_blk time=2500, clk=0,	rst=1,	en=1,	count=243
# tb.monitor_blk time=2505, clk=1,	rst=1,	en=1,	count=244
# tb.monitor_blk time=2510, clk=0,	rst=1,	en=1,	count=244
# tb.monitor_blk time=2515, clk=1,	rst=1,	en=1,	count=245
# tb.monitor_blk time=2520, clk=0,	rst=1,	en=1,	count=245
# tb.monitor_blk time=2525, clk=1,	rst=1,	en=1,	count=246
# tb.monitor_blk time=2530, clk=0,	rst=1,	en=1,	count=246
# tb.monitor_blk time=2535, clk=1,	rst=1,	en=1,	count=247
# tb.monitor_blk time=2540, clk=0,	rst=1,	en=1,	count=247
# tb.monitor_blk time=2545, clk=1,	rst=1,	en=1,	count=248
# tb.monitor_blk time=2550, clk=0,	rst=1,	en=1,	count=248
# tb.monitor_blk time=2555, clk=1,	rst=1,	en=1,	count=249
# tb.monitor_blk time=2560, clk=0,	rst=1,	en=1,	count=249
# tb.monitor_blk time=2565, clk=1,	rst=1,	en=1,	count=250
# tb.monitor_blk time=2570, clk=0,	rst=1,	en=1,	count=250
# tb.monitor_blk time=2575, clk=1,	rst=1,	en=1,	count=251
# tb.monitor_blk time=2580, clk=0,	rst=1,	en=1,	count=251
# tb.monitor_blk time=2585, clk=1,	rst=1,	en=1,	count=252
# tb.monitor_blk time=2590, clk=0,	rst=1,	en=1,	count=252
# tb.monitor_blk time=2595, clk=1,	rst=1,	en=1,	count=253
# tb.monitor_blk time=2600, clk=0,	rst=1,	en=1,	count=253
# tb.monitor_blk time=2605, clk=1,	rst=1,	en=1,	count=254
# tb.monitor_blk time=2610, clk=0,	rst=1,	en=1,	count=254
# tb.monitor_blk time=2615, clk=1,	rst=1,	en=1,	count=255
# tb.monitor_blk time=2620, clk=0,	rst=1,	en=1,	count=255
# tb.monitor_blk time=2625, clk=1,	rst=1,	en=1,	count=  0
# tb.monitor_blk time=2630, clk=0,	rst=1,	en=1,	count=  0
# tb.monitor_blk time=2635, clk=1,	rst=1,	en=1,	count=  1
# tb.monitor_blk time=2640, clk=0,	rst=1,	en=1,	count=  1
# tb.monitor_blk time=2645, clk=1,	rst=1,	en=1,	count=  2
# tb.monitor_blk time=2650, clk=0,	rst=1,	en=1,	count=  2
# tb.monitor_blk time=2655, clk=1,	rst=1,	en=1,	count=  3
# tb.monitor_blk time=2660, clk=0,	rst=1,	en=1,	count=  3
# tb.monitor_blk time=2665, clk=1,	rst=1,	en=1,	count=  4
# tb.monitor_blk time=2670, clk=0,	rst=1,	en=1,	count=  4
# tb.monitor_blk time=2675, clk=1,	rst=1,	en=1,	count=  5
# tb.monitor_blk time=2680, clk=0,	rst=1,	en=1,	count=  5
# tb.monitor_blk time=2685, clk=1,	rst=1,	en=1,	count=  6
# tb.monitor_blk time=2690, clk=0,	rst=1,	en=0,	count=  6
# tb.monitor_blk time=2695, clk=1,	rst=1,	en=0,	count=  6
# tb.monitor_blk time=2700, clk=0,	rst=1,	en=0,	count=  6
# tb.monitor_blk time=2705, clk=1,	rst=1,	en=0,	count=  6
# tb.monitor_blk time=2710, clk=0,	rst=1,	en=0,	count=  6
# tb.monitor_blk time=2715, clk=1,	rst=1,	en=0,	count=  6
# tb.monitor_blk time=2720, clk=0,	rst=0,	en=1,	count=  6
# tb.monitor_blk time=2725, clk=1,	rst=0,	en=1,	count=  0
# tb.monitor_blk time=2730, clk=0,	rst=1,	en=x,	count=  0
# tb.monitor_blk time=2735, clk=1,	rst=1,	en=x,	count=  0
# tb.monitor_blk time=2740, clk=0,	rst=1,	en=1,	count=  0
# tb.monitor_blk time=2745, clk=1,	rst=1,	en=1,	count=  1
# tb.monitor_blk time=2750, clk=0,	rst=1,	en=z,	count=  1
# tb.monitor_blk time=2755, clk=1,	rst=1,	en=z,	count=  1
# tb.monitor_blk time=2760, clk=0,	rst=0,	en=1,	count=  1
# tb.monitor_blk time=2765, clk=1,	rst=0,	en=1,	count=  0
# tb.monitor_blk time=2770, clk=0,	rst=0,	en=1,	count=  0
# tb.monitor_blk time=2775, clk=1,	rst=0,	en=1,	count=  0
# tb.monitor_blk time=2780, clk=0,	rst=0,	en=1,	count=  0
# tb.monitor_blk time=2785, clk=1,	rst=0,	en=1,	count=  0
# tb.monitor_blk time=2790, clk=0,	rst=0,	en=1,	count=  0
# tb.monitor_blk time=2795, clk=1,	rst=0,	en=1,	count=  0
# tb.monitor_blk time=2800, clk=0,	rst=0,	en=1,	count=  0
# tb.monitor_blk time=2805, clk=1,	rst=0,	en=1,	count=  0
# tb.monitor_blk time=2810, clk=0,	rst=1,	en=1,	count=  0
# tb.monitor_blk time=2815, clk=1,	rst=1,	en=1,	count=  1
# tb.monitor_blk time=2820, clk=0,	rst=1,	en=1,	count=  1
# tb.monitor_blk time=2825, clk=1,	rst=1,	en=1,	count=  2
# tb.monitor_blk time=2830, clk=0,	rst=1,	en=1,	count=  2
# tb.monitor_blk time=2835, clk=1,	rst=1,	en=1,	count=  3
# tb.monitor_blk time=2840, clk=0,	rst=0,	en=1,	count=  3
# tb.monitor_blk time=2845, clk=1,	rst=0,	en=1,	count=  0
# tb.monitor_blk time=2850, clk=0,	rst=1,	en=1,	count=  0
# tb.monitor_blk time=2855, clk=1,	rst=1,	en=1,	count=  1
# tb.monitor_blk time=2860, clk=0,	rst=1,	en=1,	count=  1
# tb.monitor_blk time=2865, clk=1,	rst=1,	en=1,	count=  2
# tb.monitor_blk time=2870, clk=0,	rst=1,	en=1,	count=  2
# tb.monitor_blk time=2875, clk=1,	rst=1,	en=1,	count=  3
# tb.monitor_blk time=2880, clk=0,	rst=1,	en=1,	count=  3
# tb.monitor_blk time=2885, clk=1,	rst=1,	en=1,	count=  4
# tb.monitor_blk time=2890, clk=0,	rst=1,	en=1,	count=  4
# tb.monitor_blk time=2895, clk=1,	rst=1,	en=1,	count=  5
# tb.monitor_blk time=2900, clk=0,	rst=1,	en=1,	count=  5
# tb.monitor_blk time=2905, clk=1,	rst=1,	en=1,	count=  6
# tb.monitor_blk time=2910, clk=0,	rst=1,	en=1,	count=  6
# tb.monitor_blk time=2915, clk=1,	rst=1,	en=1,	count=  7
# tb.monitor_blk time=2920, clk=0,	rst=1,	en=1,	count=  7
# tb.monitor_blk time=2925, clk=1,	rst=1,	en=1,	count=  8
# tb.monitor_blk time=2930, clk=0,	rst=1,	en=1,	count=  8
# tb.monitor_blk time=2935, clk=1,	rst=1,	en=1,	count=  9
# tb.monitor_blk time=2940, clk=0,	rst=1,	en=1,	count=  9
# tb.monitor_blk time=2945, clk=1,	rst=1,	en=1,	count= 10
# tb.monitor_blk time=2950, clk=0,	rst=1,	en=1,	count= 10
# tb.monitor_blk time=2955, clk=1,	rst=1,	en=1,	count= 11
# tb.monitor_blk time=2960, clk=0,	rst=1,	en=1,	count= 11
# tb.monitor_blk time=2965, clk=1,	rst=1,	en=1,	count= 12
# tb.monitor_blk time=2970, clk=0,	rst=1,	en=1,	count= 12
# tb.monitor_blk time=2975, clk=1,	rst=1,	en=1,	count= 13
# tb.monitor_blk time=2980, clk=0,	rst=1,	en=1,	count= 13
# tb.monitor_blk time=2985, clk=1,	rst=1,	en=1,	count= 14
# tb.monitor_blk time=2990, clk=0,	rst=1,	en=1,	count= 14
# tb.monitor_blk time=2995, clk=1,	rst=1,	en=1,	count= 15
# tb.monitor_blk time=3000, clk=0,	rst=1,	en=1,	count= 15
# tb.monitor_blk time=3005, clk=1,	rst=1,	en=1,	count= 16
# tb.monitor_blk time=3010, clk=0,	rst=1,	en=1,	count= 16
# tb.monitor_blk time=3015, clk=1,	rst=1,	en=1,	count= 17
# tb.monitor_blk time=3020, clk=0,	rst=1,	en=1,	count= 17
# tb.monitor_blk time=3025, clk=1,	rst=1,	en=1,	count= 18
# tb.monitor_blk time=3030, clk=0,	rst=1,	en=1,	count= 18
# tb.monitor_blk time=3035, clk=1,	rst=1,	en=1,	count= 19
# tb.monitor_blk time=3040, clk=0,	rst=1,	en=1,	count= 19
# tb.monitor_blk time=3045, clk=1,	rst=1,	en=1,	count= 20
# tb.monitor_blk time=3050, clk=0,	rst=1,	en=1,	count= 20
# tb.monitor_blk time=3055, clk=1,	rst=1,	en=1,	count= 21
# tb.monitor_blk time=3060, clk=0,	rst=1,	en=1,	count= 21
# tb.monitor_blk time=3065, clk=1,	rst=1,	en=1,	count= 22
# tb.monitor_blk time=3070, clk=0,	rst=1,	en=1,	count= 22
# tb.monitor_blk time=3075, clk=1,	rst=1,	en=1,	count= 23
# tb.monitor_blk time=3080, clk=0,	rst=1,	en=1,	count= 23
# tb.monitor_blk time=3085, clk=1,	rst=1,	en=1,	count= 24
# tb.monitor_blk time=3090, clk=0,	rst=1,	en=1,	count= 24
# tb.monitor_blk time=3095, clk=1,	rst=1,	en=1,	count= 25
# tb.monitor_blk time=3100, clk=0,	rst=1,	en=1,	count= 25
# tb.monitor_blk time=3105, clk=1,	rst=1,	en=1,	count= 26
# tb.monitor_blk time=3110, clk=0,	rst=1,	en=1,	count= 26
# tb.monitor_blk time=3115, clk=1,	rst=1,	en=1,	count= 27
# tb.monitor_blk time=3120, clk=0,	rst=1,	en=1,	count= 27
# tb.monitor_blk time=3125, clk=1,	rst=1,	en=1,	count= 28
# tb.monitor_blk time=3130, clk=0,	rst=1,	en=1,	count= 28
# tb.monitor_blk time=3135, clk=1,	rst=1,	en=1,	count= 29
# tb.monitor_blk time=3140, clk=0,	rst=1,	en=1,	count= 29
# tb.monitor_blk time=3145, clk=1,	rst=1,	en=1,	count= 30
# tb.monitor_blk time=3150, clk=0,	rst=1,	en=1,	count= 30
# tb.monitor_blk time=3155, clk=1,	rst=1,	en=1,	count= 31
# tb.monitor_blk time=3160, clk=0,	rst=1,	en=1,	count= 31
# tb.monitor_blk time=3165, clk=1,	rst=1,	en=1,	count= 32
# tb.monitor_blk time=3170, clk=0,	rst=1,	en=1,	count= 32
# tb.monitor_blk time=3175, clk=1,	rst=1,	en=1,	count= 33
# tb.monitor_blk time=3180, clk=0,	rst=1,	en=1,	count= 33
# tb.monitor_blk time=3185, clk=1,	rst=1,	en=1,	count= 34
# tb.monitor_blk time=3190, clk=0,	rst=1,	en=1,	count= 34
# tb.monitor_blk time=3195, clk=1,	rst=1,	en=1,	count= 35
# tb.monitor_blk time=3200, clk=0,	rst=1,	en=1,	count= 35
# tb.monitor_blk time=3205, clk=1,	rst=1,	en=1,	count= 36
# tb.monitor_blk time=3210, clk=0,	rst=1,	en=1,	count= 36
# tb.monitor_blk time=3215, clk=1,	rst=1,	en=1,	count= 37
# tb.monitor_blk time=3220, clk=0,	rst=1,	en=1,	count= 37
# tb.monitor_blk time=3225, clk=1,	rst=1,	en=1,	count= 38
# tb.monitor_blk time=3230, clk=0,	rst=1,	en=1,	count= 38
# tb.monitor_blk time=3235, clk=1,	rst=1,	en=1,	count= 39
# tb.monitor_blk time=3240, clk=0,	rst=1,	en=1,	count= 39
# tb.monitor_blk time=3245, clk=1,	rst=1,	en=1,	count= 40
# tb.monitor_blk time=3250, clk=0,	rst=1,	en=1,	count= 40
# tb.monitor_blk time=3255, clk=1,	rst=1,	en=1,	count= 41
# tb.monitor_blk time=3260, clk=0,	rst=1,	en=1,	count= 41
# tb.monitor_blk time=3265, clk=1,	rst=1,	en=1,	count= 42
# tb.monitor_blk time=3270, clk=0,	rst=1,	en=1,	count= 42
# tb.monitor_blk time=3275, clk=1,	rst=1,	en=1,	count= 43
# tb.monitor_blk time=3280, clk=0,	rst=1,	en=1,	count= 43
# tb.monitor_blk time=3285, clk=1,	rst=1,	en=1,	count= 44
# tb.monitor_blk time=3290, clk=0,	rst=1,	en=1,	count= 44
# tb.monitor_blk time=3295, clk=1,	rst=1,	en=1,	count= 45
# tb.monitor_blk time=3300, clk=0,	rst=1,	en=1,	count= 45
# tb.monitor_blk time=3305, clk=1,	rst=1,	en=1,	count= 46
# tb.monitor_blk time=3310, clk=0,	rst=1,	en=1,	count= 46
# tb.monitor_blk time=3315, clk=1,	rst=1,	en=1,	count= 47
# tb.monitor_blk time=3320, clk=0,	rst=1,	en=1,	count= 47
# tb.monitor_blk time=3325, clk=1,	rst=1,	en=1,	count= 48
# tb.monitor_blk time=3330, clk=0,	rst=1,	en=1,	count= 48
# tb.monitor_blk time=3335, clk=1,	rst=1,	en=1,	count= 49
# tb.monitor_blk time=3340, clk=0,	rst=1,	en=1,	count= 49
# tb.monitor_blk time=3345, clk=1,	rst=1,	en=1,	count= 50
# tb.monitor_blk time=3350, clk=0,	rst=1,	en=1,	count= 50
# tb.monitor_blk time=3355, clk=1,	rst=1,	en=1,	count= 51
# tb.monitor_blk time=3360, clk=0,	rst=1,	en=1,	count= 51
# tb.monitor_blk time=3365, clk=1,	rst=1,	en=1,	count= 52
# tb.monitor_blk time=3370, clk=0,	rst=1,	en=1,	count= 52
# tb.monitor_blk time=3375, clk=1,	rst=1,	en=1,	count= 53
# tb.monitor_blk time=3380, clk=0,	rst=1,	en=1,	count= 53
# tb.monitor_blk time=3385, clk=1,	rst=1,	en=1,	count= 54
# tb.monitor_blk time=3390, clk=0,	rst=1,	en=1,	count= 54
# tb.monitor_blk time=3395, clk=1,	rst=1,	en=1,	count= 55
# tb.monitor_blk time=3400, clk=0,	rst=1,	en=1,	count= 55
# tb.monitor_blk time=3405, clk=1,	rst=1,	en=1,	count= 56
# tb.monitor_blk time=3410, clk=0,	rst=1,	en=1,	count= 56
# tb.monitor_blk time=3415, clk=1,	rst=1,	en=1,	count= 57
# tb.monitor_blk time=3420, clk=0,	rst=1,	en=1,	count= 57
# tb.monitor_blk time=3425, clk=1,	rst=1,	en=1,	count= 58
# tb.monitor_blk time=3430, clk=0,	rst=1,	en=1,	count= 58
# tb.monitor_blk time=3435, clk=1,	rst=1,	en=1,	count= 59
# tb.monitor_blk time=3440, clk=0,	rst=1,	en=1,	count= 59
# tb.monitor_blk time=3445, clk=1,	rst=1,	en=1,	count= 60
# tb.monitor_blk time=3450, clk=0,	rst=1,	en=1,	count= 60
# tb.monitor_blk time=3455, clk=1,	rst=1,	en=1,	count= 61
# tb.monitor_blk time=3460, clk=0,	rst=1,	en=1,	count= 61
# tb.monitor_blk time=3465, clk=1,	rst=1,	en=1,	count= 62
# tb.monitor_blk time=3470, clk=0,	rst=1,	en=1,	count= 62
# tb.monitor_blk time=3475, clk=1,	rst=1,	en=1,	count= 63
# tb.monitor_blk time=3480, clk=0,	rst=1,	en=1,	count= 63
# tb.monitor_blk time=3485, clk=1,	rst=1,	en=1,	count= 64
# tb.monitor_blk time=3490, clk=0,	rst=1,	en=1,	count= 64
# tb.monitor_blk time=3495, clk=1,	rst=1,	en=1,	count= 65
# tb.monitor_blk time=3500, clk=0,	rst=1,	en=1,	count= 65
# tb.monitor_blk time=3505, clk=1,	rst=1,	en=1,	count= 66
# tb.monitor_blk time=3510, clk=0,	rst=1,	en=1,	count= 66
# tb.monitor_blk time=3515, clk=1,	rst=1,	en=1,	count= 67
# tb.monitor_blk time=3520, clk=0,	rst=1,	en=1,	count= 67
# tb.monitor_blk time=3525, clk=1,	rst=1,	en=1,	count= 68
# tb.monitor_blk time=3530, clk=0,	rst=1,	en=1,	count= 68
# tb.monitor_blk time=3535, clk=1,	rst=1,	en=1,	count= 69
# tb.monitor_blk time=3540, clk=0,	rst=1,	en=1,	count= 69
# tb.monitor_blk time=3545, clk=1,	rst=1,	en=1,	count= 70
# tb.monitor_blk time=3550, clk=0,	rst=1,	en=1,	count= 70
# tb.monitor_blk time=3555, clk=1,	rst=1,	en=1,	count= 71
# tb.monitor_blk time=3560, clk=0,	rst=1,	en=1,	count= 71
# tb.monitor_blk time=3565, clk=1,	rst=1,	en=1,	count= 72
# tb.monitor_blk time=3570, clk=0,	rst=1,	en=1,	count= 72
# tb.monitor_blk time=3575, clk=1,	rst=1,	en=1,	count= 73
# tb.monitor_blk time=3580, clk=0,	rst=1,	en=1,	count= 73
# tb.monitor_blk time=3585, clk=1,	rst=1,	en=1,	count= 74
# tb.monitor_blk time=3590, clk=0,	rst=1,	en=1,	count= 74
# tb.monitor_blk time=3595, clk=1,	rst=1,	en=1,	count= 75
# tb.monitor_blk time=3600, clk=0,	rst=1,	en=1,	count= 75
# tb.monitor_blk time=3605, clk=1,	rst=1,	en=1,	count= 76
# tb.monitor_blk time=3610, clk=0,	rst=1,	en=1,	count= 76
# tb.monitor_blk time=3615, clk=1,	rst=1,	en=1,	count= 77
# tb.monitor_blk time=3620, clk=0,	rst=1,	en=1,	count= 77
# tb.monitor_blk time=3625, clk=1,	rst=1,	en=1,	count= 78
# tb.monitor_blk time=3630, clk=0,	rst=1,	en=1,	count= 78
# tb.monitor_blk time=3635, clk=1,	rst=1,	en=1,	count= 79
# tb.monitor_blk time=3640, clk=0,	rst=1,	en=1,	count= 79
# tb.monitor_blk time=3645, clk=1,	rst=1,	en=1,	count= 80
# tb.monitor_blk time=3650, clk=0,	rst=1,	en=1,	count= 80
# tb.monitor_blk time=3655, clk=1,	rst=1,	en=1,	count= 81
# tb.monitor_blk time=3660, clk=0,	rst=1,	en=1,	count= 81
# tb.monitor_blk time=3665, clk=1,	rst=1,	en=1,	count= 82
# tb.monitor_blk time=3670, clk=0,	rst=1,	en=1,	count= 82
# tb.monitor_blk time=3675, clk=1,	rst=1,	en=1,	count= 83
# tb.monitor_blk time=3680, clk=0,	rst=1,	en=1,	count= 83
# tb.monitor_blk time=3685, clk=1,	rst=1,	en=1,	count= 84
# tb.monitor_blk time=3690, clk=0,	rst=1,	en=1,	count= 84
# tb.monitor_blk time=3695, clk=1,	rst=1,	en=1,	count= 85
# tb.monitor_blk time=3700, clk=0,	rst=1,	en=1,	count= 85
# tb.monitor_blk time=3705, clk=1,	rst=1,	en=1,	count= 86
# tb.monitor_blk time=3710, clk=0,	rst=1,	en=1,	count= 86
# tb.monitor_blk time=3715, clk=1,	rst=1,	en=1,	count= 87
# tb.monitor_blk time=3720, clk=0,	rst=1,	en=1,	count= 87
# tb.monitor_blk time=3725, clk=1,	rst=1,	en=1,	count= 88
# tb.monitor_blk time=3730, clk=0,	rst=1,	en=1,	count= 88
# tb.monitor_blk time=3735, clk=1,	rst=1,	en=1,	count= 89
# tb.monitor_blk time=3740, clk=0,	rst=1,	en=1,	count= 89
# tb.monitor_blk time=3745, clk=1,	rst=1,	en=1,	count= 90
# tb.monitor_blk time=3750, clk=0,	rst=1,	en=1,	count= 90
# tb.monitor_blk time=3755, clk=1,	rst=1,	en=1,	count= 91
# tb.monitor_blk time=3760, clk=0,	rst=1,	en=1,	count= 91
# tb.monitor_blk time=3765, clk=1,	rst=1,	en=1,	count= 92
# tb.monitor_blk time=3770, clk=0,	rst=1,	en=1,	count= 92
# tb.monitor_blk time=3775, clk=1,	rst=1,	en=1,	count= 93
# tb.monitor_blk time=3780, clk=0,	rst=1,	en=1,	count= 93
# tb.monitor_blk time=3785, clk=1,	rst=1,	en=1,	count= 94
# tb.monitor_blk time=3790, clk=0,	rst=1,	en=1,	count= 94
# tb.monitor_blk time=3795, clk=1,	rst=1,	en=1,	count= 95
# tb.monitor_blk time=3800, clk=0,	rst=1,	en=1,	count= 95
# tb.monitor_blk time=3805, clk=1,	rst=1,	en=1,	count= 96
# tb.monitor_blk time=3810, clk=0,	rst=1,	en=1,	count= 96
# tb.monitor_blk time=3815, clk=1,	rst=1,	en=1,	count= 97
# tb.monitor_blk time=3820, clk=0,	rst=1,	en=1,	count= 97
# tb.monitor_blk time=3825, clk=1,	rst=1,	en=1,	count= 98
# tb.monitor_blk time=3830, clk=0,	rst=1,	en=1,	count= 98
# tb.monitor_blk time=3835, clk=1,	rst=1,	en=1,	count= 99
# tb.monitor_blk time=3840, clk=0,	rst=1,	en=1,	count= 99
# tb.monitor_blk time=3845, clk=1,	rst=1,	en=1,	count=100
# tb.monitor_blk time=3850, clk=0,	rst=1,	en=1,	count=100
# tb.monitor_blk time=3855, clk=1,	rst=1,	en=1,	count=101
# tb.monitor_blk time=3860, clk=0,	rst=1,	en=1,	count=101
# tb.monitor_blk time=3865, clk=1,	rst=1,	en=1,	count=102
# tb.monitor_blk time=3870, clk=0,	rst=1,	en=1,	count=102
# tb.monitor_blk time=3875, clk=1,	rst=1,	en=1,	count=103
# tb.monitor_blk time=3880, clk=0,	rst=1,	en=1,	count=103
# tb.monitor_blk time=3885, clk=1,	rst=1,	en=1,	count=104
# tb.monitor_blk time=3890, clk=0,	rst=1,	en=1,	count=104
# tb.monitor_blk time=3895, clk=1,	rst=1,	en=1,	count=105
# tb.monitor_blk time=3900, clk=0,	rst=1,	en=1,	count=105
# tb.monitor_blk time=3905, clk=1,	rst=1,	en=1,	count=106
# tb.monitor_blk time=3910, clk=0,	rst=1,	en=1,	count=106
# tb.monitor_blk time=3915, clk=1,	rst=1,	en=1,	count=107
# tb.monitor_blk time=3920, clk=0,	rst=1,	en=1,	count=107
# tb.monitor_blk time=3925, clk=1,	rst=1,	en=1,	count=108
# tb.monitor_blk time=3930, clk=0,	rst=1,	en=1,	count=108
# tb.monitor_blk time=3935, clk=1,	rst=1,	en=1,	count=109
# tb.monitor_blk time=3940, clk=0,	rst=1,	en=1,	count=109
# tb.monitor_blk time=3945, clk=1,	rst=1,	en=1,	count=110
# tb.monitor_blk time=3950, clk=0,	rst=1,	en=1,	count=110
# tb.monitor_blk time=3955, clk=1,	rst=1,	en=1,	count=111
# tb.monitor_blk time=3960, clk=0,	rst=1,	en=1,	count=111
# tb.monitor_blk time=3965, clk=1,	rst=1,	en=1,	count=112
# tb.monitor_blk time=3970, clk=0,	rst=1,	en=1,	count=112
# tb.monitor_blk time=3975, clk=1,	rst=1,	en=1,	count=113
# tb.monitor_blk time=3980, clk=0,	rst=1,	en=1,	count=113
# tb.monitor_blk time=3985, clk=1,	rst=1,	en=1,	count=114
# tb.monitor_blk time=3990, clk=0,	rst=1,	en=1,	count=114
# tb.monitor_blk time=3995, clk=1,	rst=1,	en=1,	count=115
# tb.monitor_blk time=4000, clk=0,	rst=1,	en=1,	count=115
# tb.monitor_blk time=4005, clk=1,	rst=1,	en=1,	count=116
# tb.monitor_blk time=4010, clk=0,	rst=1,	en=1,	count=116
# tb.monitor_blk time=4015, clk=1,	rst=1,	en=1,	count=117
# tb.monitor_blk time=4020, clk=0,	rst=1,	en=1,	count=117
# tb.monitor_blk time=4025, clk=1,	rst=1,	en=1,	count=118
# tb.monitor_blk time=4030, clk=0,	rst=1,	en=1,	count=118
# tb.monitor_blk time=4035, clk=1,	rst=1,	en=1,	count=119
# tb.monitor_blk time=4040, clk=0,	rst=1,	en=1,	count=119
# tb.monitor_blk time=4045, clk=1,	rst=1,	en=1,	count=120
# tb.monitor_blk time=4050, clk=0,	rst=1,	en=1,	count=120
# tb.monitor_blk time=4055, clk=1,	rst=1,	en=1,	count=121
# tb.monitor_blk time=4060, clk=0,	rst=1,	en=1,	count=121
# tb.monitor_blk time=4065, clk=1,	rst=1,	en=1,	count=122
# tb.monitor_blk time=4070, clk=0,	rst=1,	en=1,	count=122
# tb.monitor_blk time=4075, clk=1,	rst=1,	en=1,	count=123
# tb.monitor_blk time=4080, clk=0,	rst=1,	en=1,	count=123
# tb.monitor_blk time=4085, clk=1,	rst=1,	en=1,	count=124
# tb.monitor_blk time=4090, clk=0,	rst=1,	en=1,	count=124
# tb.monitor_blk time=4095, clk=1,	rst=1,	en=1,	count=125
# tb.monitor_blk time=4100, clk=0,	rst=1,	en=1,	count=125
# tb.monitor_blk time=4105, clk=1,	rst=1,	en=1,	count=126
# tb.monitor_blk time=4110, clk=0,	rst=1,	en=1,	count=126
# tb.monitor_blk time=4115, clk=1,	rst=1,	en=1,	count=127
# tb.monitor_blk time=4120, clk=0,	rst=1,	en=1,	count=127
# tb.monitor_blk time=4125, clk=1,	rst=1,	en=1,	count=128
# tb.monitor_blk time=4130, clk=0,	rst=1,	en=1,	count=128
# tb.monitor_blk time=4135, clk=1,	rst=1,	en=1,	count=129
# tb.monitor_blk time=4140, clk=0,	rst=1,	en=1,	count=129
# tb.monitor_blk time=4145, clk=1,	rst=1,	en=1,	count=130
# tb.monitor_blk time=4150, clk=0,	rst=1,	en=1,	count=130
# tb.monitor_blk time=4155, clk=1,	rst=1,	en=1,	count=131
# tb.monitor_blk time=4160, clk=0,	rst=1,	en=1,	count=131
# tb.monitor_blk time=4165, clk=1,	rst=1,	en=1,	count=132
# tb.monitor_blk time=4170, clk=0,	rst=1,	en=1,	count=132
# tb.monitor_blk time=4175, clk=1,	rst=1,	en=1,	count=133
# tb.monitor_blk time=4180, clk=0,	rst=1,	en=1,	count=133
# tb.monitor_blk time=4185, clk=1,	rst=1,	en=1,	count=134
# tb.monitor_blk time=4190, clk=0,	rst=1,	en=1,	count=134
# tb.monitor_blk time=4195, clk=1,	rst=1,	en=1,	count=135
# tb.monitor_blk time=4200, clk=0,	rst=1,	en=1,	count=135
# tb.monitor_blk time=4205, clk=1,	rst=1,	en=1,	count=136
# tb.monitor_blk time=4210, clk=0,	rst=1,	en=1,	count=136
# tb.monitor_blk time=4215, clk=1,	rst=1,	en=1,	count=137
# tb.monitor_blk time=4220, clk=0,	rst=1,	en=1,	count=137
# tb.monitor_blk time=4225, clk=1,	rst=1,	en=1,	count=138
# tb.monitor_blk time=4230, clk=0,	rst=1,	en=1,	count=138
# tb.monitor_blk time=4235, clk=1,	rst=1,	en=1,	count=139
# tb.monitor_blk time=4240, clk=0,	rst=1,	en=1,	count=139
# tb.monitor_blk time=4245, clk=1,	rst=1,	en=1,	count=140
# tb.monitor_blk time=4250, clk=0,	rst=1,	en=1,	count=140
# tb.monitor_blk time=4255, clk=1,	rst=1,	en=1,	count=141
# tb.monitor_blk time=4260, clk=0,	rst=1,	en=1,	count=141
# tb.monitor_blk time=4265, clk=1,	rst=1,	en=1,	count=142
# tb.monitor_blk time=4270, clk=0,	rst=1,	en=1,	count=142
# tb.monitor_blk time=4275, clk=1,	rst=1,	en=1,	count=143
# tb.monitor_blk time=4280, clk=0,	rst=1,	en=1,	count=143
# tb.monitor_blk time=4285, clk=1,	rst=1,	en=1,	count=144
# tb.monitor_blk time=4290, clk=0,	rst=1,	en=1,	count=144
# tb.monitor_blk time=4295, clk=1,	rst=1,	en=1,	count=145
# tb.monitor_blk time=4300, clk=0,	rst=1,	en=1,	count=145
# tb.monitor_blk time=4305, clk=1,	rst=1,	en=1,	count=146
# tb.monitor_blk time=4310, clk=0,	rst=1,	en=1,	count=146
# tb.monitor_blk time=4315, clk=1,	rst=1,	en=1,	count=147
# tb.monitor_blk time=4320, clk=0,	rst=1,	en=1,	count=147
# tb.monitor_blk time=4325, clk=1,	rst=1,	en=1,	count=148
# tb.monitor_blk time=4330, clk=0,	rst=1,	en=1,	count=148
# tb.monitor_blk time=4335, clk=1,	rst=1,	en=1,	count=149
# tb.monitor_blk time=4340, clk=0,	rst=1,	en=1,	count=149
# tb.monitor_blk time=4345, clk=1,	rst=1,	en=1,	count=150
# tb.monitor_blk time=4350, clk=0,	rst=1,	en=1,	count=150
# tb.monitor_blk time=4355, clk=1,	rst=1,	en=1,	count=151
# tb.monitor_blk time=4360, clk=0,	rst=1,	en=1,	count=151
# tb.monitor_blk time=4365, clk=1,	rst=1,	en=1,	count=152
# tb.monitor_blk time=4370, clk=0,	rst=1,	en=1,	count=152
# tb.monitor_blk time=4375, clk=1,	rst=1,	en=1,	count=153
# tb.monitor_blk time=4380, clk=0,	rst=1,	en=1,	count=153
# tb.monitor_blk time=4385, clk=1,	rst=1,	en=1,	count=154
# tb.monitor_blk time=4390, clk=0,	rst=1,	en=1,	count=154
# tb.monitor_blk time=4395, clk=1,	rst=1,	en=1,	count=155
# tb.monitor_blk time=4400, clk=0,	rst=1,	en=1,	count=155
# tb.monitor_blk time=4405, clk=1,	rst=1,	en=1,	count=156
# tb.monitor_blk time=4410, clk=0,	rst=1,	en=1,	count=156
# tb.monitor_blk time=4415, clk=1,	rst=1,	en=1,	count=157
# tb.monitor_blk time=4420, clk=0,	rst=1,	en=1,	count=157
# tb.monitor_blk time=4425, clk=1,	rst=1,	en=1,	count=158
# tb.monitor_blk time=4430, clk=0,	rst=1,	en=1,	count=158
# tb.monitor_blk time=4435, clk=1,	rst=1,	en=1,	count=159
# tb.monitor_blk time=4440, clk=0,	rst=1,	en=1,	count=159
# tb.monitor_blk time=4445, clk=1,	rst=1,	en=1,	count=160
# tb.monitor_blk time=4450, clk=0,	rst=1,	en=1,	count=160
# tb.monitor_blk time=4455, clk=1,	rst=1,	en=1,	count=161
# tb.monitor_blk time=4460, clk=0,	rst=1,	en=1,	count=161
# tb.monitor_blk time=4465, clk=1,	rst=1,	en=1,	count=162
# tb.monitor_blk time=4470, clk=0,	rst=1,	en=1,	count=162
# tb.monitor_blk time=4475, clk=1,	rst=1,	en=1,	count=163
# tb.monitor_blk time=4480, clk=0,	rst=1,	en=1,	count=163
# tb.monitor_blk time=4485, clk=1,	rst=1,	en=1,	count=164
# tb.monitor_blk time=4490, clk=0,	rst=1,	en=1,	count=164
# tb.monitor_blk time=4495, clk=1,	rst=1,	en=1,	count=165
# tb.monitor_blk time=4500, clk=0,	rst=1,	en=1,	count=165
# tb.monitor_blk time=4505, clk=1,	rst=1,	en=1,	count=166
# tb.monitor_blk time=4510, clk=0,	rst=1,	en=1,	count=166
# tb.monitor_blk time=4515, clk=1,	rst=1,	en=1,	count=167
# tb.monitor_blk time=4520, clk=0,	rst=1,	en=1,	count=167
# tb.monitor_blk time=4525, clk=1,	rst=1,	en=1,	count=168
# tb.monitor_blk time=4530, clk=0,	rst=1,	en=1,	count=168
# tb.monitor_blk time=4535, clk=1,	rst=1,	en=1,	count=169
# tb.monitor_blk time=4540, clk=0,	rst=1,	en=1,	count=169
# tb.monitor_blk time=4545, clk=1,	rst=1,	en=1,	count=170
# tb.monitor_blk time=4550, clk=0,	rst=1,	en=1,	count=170
# tb.monitor_blk time=4555, clk=1,	rst=1,	en=1,	count=171
# tb.monitor_blk time=4560, clk=0,	rst=1,	en=1,	count=171
# tb.monitor_blk time=4565, clk=1,	rst=1,	en=1,	count=172
# tb.monitor_blk time=4570, clk=0,	rst=1,	en=1,	count=172
# tb.monitor_blk time=4575, clk=1,	rst=1,	en=1,	count=173
# tb.monitor_blk time=4580, clk=0,	rst=1,	en=1,	count=173
# tb.monitor_blk time=4585, clk=1,	rst=1,	en=1,	count=174
# tb.monitor_blk time=4590, clk=0,	rst=1,	en=1,	count=174
# tb.monitor_blk time=4595, clk=1,	rst=1,	en=1,	count=175
# tb.monitor_blk time=4600, clk=0,	rst=1,	en=1,	count=175
# tb.monitor_blk time=4605, clk=1,	rst=1,	en=1,	count=176
# tb.monitor_blk time=4610, clk=0,	rst=1,	en=1,	count=176
# tb.monitor_blk time=4615, clk=1,	rst=1,	en=1,	count=177
# tb.monitor_blk time=4620, clk=0,	rst=1,	en=1,	count=177
# tb.monitor_blk time=4625, clk=1,	rst=1,	en=1,	count=178
# tb.monitor_blk time=4630, clk=0,	rst=1,	en=1,	count=178
# tb.monitor_blk time=4635, clk=1,	rst=1,	en=1,	count=179
# tb.monitor_blk time=4640, clk=0,	rst=1,	en=1,	count=179
# tb.monitor_blk time=4645, clk=1,	rst=1,	en=1,	count=180
# tb.monitor_blk time=4650, clk=0,	rst=1,	en=1,	count=180
# tb.monitor_blk time=4655, clk=1,	rst=1,	en=1,	count=181
# tb.monitor_blk time=4660, clk=0,	rst=1,	en=1,	count=181
# tb.monitor_blk time=4665, clk=1,	rst=1,	en=1,	count=182
# tb.monitor_blk time=4670, clk=0,	rst=1,	en=1,	count=182
# tb.monitor_blk time=4675, clk=1,	rst=1,	en=1,	count=183
# tb.monitor_blk time=4680, clk=0,	rst=1,	en=1,	count=183
# tb.monitor_blk time=4685, clk=1,	rst=1,	en=1,	count=184
# tb.monitor_blk time=4690, clk=0,	rst=1,	en=1,	count=184
# tb.monitor_blk time=4695, clk=1,	rst=1,	en=1,	count=185
# tb.monitor_blk time=4700, clk=0,	rst=1,	en=1,	count=185
# tb.monitor_blk time=4705, clk=1,	rst=1,	en=1,	count=186
# tb.monitor_blk time=4710, clk=0,	rst=1,	en=1,	count=186
# tb.monitor_blk time=4715, clk=1,	rst=1,	en=1,	count=187
# tb.monitor_blk time=4720, clk=0,	rst=1,	en=1,	count=187
# tb.monitor_blk time=4725, clk=1,	rst=1,	en=1,	count=188
# tb.monitor_blk time=4730, clk=0,	rst=1,	en=1,	count=188
# tb.monitor_blk time=4735, clk=1,	rst=1,	en=1,	count=189
# tb.monitor_blk time=4740, clk=0,	rst=1,	en=1,	count=189
# tb.monitor_blk time=4745, clk=1,	rst=1,	en=1,	count=190
# tb.monitor_blk time=4750, clk=0,	rst=1,	en=1,	count=190
# tb.monitor_blk time=4755, clk=1,	rst=1,	en=1,	count=191
# tb.monitor_blk time=4760, clk=0,	rst=1,	en=1,	count=191
# tb.monitor_blk time=4765, clk=1,	rst=1,	en=1,	count=192
# tb.monitor_blk time=4770, clk=0,	rst=1,	en=1,	count=192
# tb.monitor_blk time=4775, clk=1,	rst=1,	en=1,	count=193
# tb.monitor_blk time=4780, clk=0,	rst=1,	en=1,	count=193
# tb.monitor_blk time=4785, clk=1,	rst=1,	en=1,	count=194
# tb.monitor_blk time=4790, clk=0,	rst=1,	en=1,	count=194
# tb.monitor_blk time=4795, clk=1,	rst=1,	en=1,	count=195
# tb.monitor_blk time=4800, clk=0,	rst=1,	en=1,	count=195
# tb.monitor_blk time=4805, clk=1,	rst=1,	en=1,	count=196
# tb.monitor_blk time=4810, clk=0,	rst=1,	en=1,	count=196
# tb.monitor_blk time=4815, clk=1,	rst=1,	en=1,	count=197
# tb.monitor_blk time=4820, clk=0,	rst=1,	en=1,	count=197
# tb.monitor_blk time=4825, clk=1,	rst=1,	en=1,	count=198
# tb.monitor_blk time=4830, clk=0,	rst=1,	en=1,	count=198
# tb.monitor_blk time=4835, clk=1,	rst=1,	en=1,	count=199
# tb.monitor_blk time=4840, clk=0,	rst=1,	en=1,	count=199
# tb.monitor_blk time=4845, clk=1,	rst=1,	en=1,	count=200
# tb.monitor_blk time=4850, clk=0,	rst=1,	en=1,	count=200
# tb.monitor_blk time=4855, clk=1,	rst=1,	en=1,	count=201
# tb.monitor_blk time=4860, clk=0,	rst=1,	en=1,	count=201
# tb.monitor_blk time=4865, clk=1,	rst=1,	en=1,	count=202
# tb.monitor_blk time=4870, clk=0,	rst=1,	en=1,	count=202
# tb.monitor_blk time=4875, clk=1,	rst=1,	en=1,	count=203
# tb.monitor_blk time=4880, clk=0,	rst=1,	en=1,	count=203
# tb.monitor_blk time=4885, clk=1,	rst=1,	en=1,	count=204
# tb.monitor_blk time=4890, clk=0,	rst=1,	en=1,	count=204
# tb.monitor_blk time=4895, clk=1,	rst=1,	en=1,	count=205
# tb.monitor_blk time=4900, clk=0,	rst=1,	en=1,	count=205
# tb.monitor_blk time=4905, clk=1,	rst=1,	en=1,	count=206
# tb.monitor_blk time=4910, clk=0,	rst=1,	en=1,	count=206
# tb.monitor_blk time=4915, clk=1,	rst=1,	en=1,	count=207
# tb.monitor_blk time=4920, clk=0,	rst=1,	en=1,	count=207
# tb.monitor_blk time=4925, clk=1,	rst=1,	en=1,	count=208
# tb.monitor_blk time=4930, clk=0,	rst=1,	en=1,	count=208
# tb.monitor_blk time=4935, clk=1,	rst=1,	en=1,	count=209
# tb.monitor_blk time=4940, clk=0,	rst=1,	en=1,	count=209
# tb.monitor_blk time=4945, clk=1,	rst=1,	en=1,	count=210
# tb.monitor_blk time=4950, clk=0,	rst=1,	en=1,	count=210
# tb.monitor_blk time=4955, clk=1,	rst=1,	en=1,	count=211
# tb.monitor_blk time=4960, clk=0,	rst=1,	en=1,	count=211
# tb.monitor_blk time=4965, clk=1,	rst=1,	en=1,	count=212
# tb.monitor_blk time=4970, clk=0,	rst=1,	en=1,	count=212
# tb.monitor_blk time=4975, clk=1,	rst=1,	en=1,	count=213
# tb.monitor_blk time=4980, clk=0,	rst=1,	en=1,	count=213
# tb.monitor_blk time=4985, clk=1,	rst=1,	en=1,	count=214
# tb.monitor_blk time=4990, clk=0,	rst=1,	en=1,	count=214
# tb.monitor_blk time=4995, clk=1,	rst=1,	en=1,	count=215
# tb.monitor_blk time=5000, clk=0,	rst=1,	en=1,	count=215
# tb.monitor_blk time=5005, clk=1,	rst=1,	en=1,	count=216
# tb.monitor_blk time=5010, clk=0,	rst=1,	en=1,	count=216
# tb.monitor_blk time=5015, clk=1,	rst=1,	en=1,	count=217
# tb.monitor_blk time=5020, clk=0,	rst=1,	en=1,	count=217
# tb.monitor_blk time=5025, clk=1,	rst=1,	en=1,	count=218
# tb.monitor_blk time=5030, clk=0,	rst=1,	en=1,	count=218
# tb.monitor_blk time=5035, clk=1,	rst=1,	en=1,	count=219
# tb.monitor_blk time=5040, clk=0,	rst=1,	en=1,	count=219
# tb.monitor_blk time=5045, clk=1,	rst=1,	en=1,	count=220
# tb.monitor_blk time=5050, clk=0,	rst=1,	en=1,	count=220
# tb.monitor_blk time=5055, clk=1,	rst=1,	en=1,	count=221
# tb.monitor_blk time=5060, clk=0,	rst=1,	en=1,	count=221
# tb.monitor_blk time=5065, clk=1,	rst=1,	en=1,	count=222
# tb.monitor_blk time=5070, clk=0,	rst=1,	en=1,	count=222
# tb.monitor_blk time=5075, clk=1,	rst=1,	en=1,	count=223
# tb.monitor_blk time=5080, clk=0,	rst=1,	en=1,	count=223
# tb.monitor_blk time=5085, clk=1,	rst=1,	en=1,	count=224
# tb.monitor_blk time=5090, clk=0,	rst=1,	en=1,	count=224
# tb.monitor_blk time=5095, clk=1,	rst=1,	en=1,	count=225
# tb.monitor_blk time=5100, clk=0,	rst=1,	en=1,	count=225
# tb.monitor_blk time=5105, clk=1,	rst=1,	en=1,	count=226
# tb.monitor_blk time=5110, clk=0,	rst=1,	en=1,	count=226
# tb.monitor_blk time=5115, clk=1,	rst=1,	en=1,	count=227
# tb.monitor_blk time=5120, clk=0,	rst=1,	en=1,	count=227
# tb.monitor_blk time=5125, clk=1,	rst=1,	en=1,	count=228
# tb.monitor_blk time=5130, clk=0,	rst=1,	en=1,	count=228
# tb.monitor_blk time=5135, clk=1,	rst=1,	en=1,	count=229
# tb.monitor_blk time=5140, clk=0,	rst=1,	en=1,	count=229
# tb.monitor_blk time=5145, clk=1,	rst=1,	en=1,	count=230
# tb.monitor_blk time=5150, clk=0,	rst=1,	en=1,	count=230
# tb.monitor_blk time=5155, clk=1,	rst=1,	en=1,	count=231
# tb.monitor_blk time=5160, clk=0,	rst=1,	en=1,	count=231
# tb.monitor_blk time=5165, clk=1,	rst=1,	en=1,	count=232
# tb.monitor_blk time=5170, clk=0,	rst=1,	en=1,	count=232
# tb.monitor_blk time=5175, clk=1,	rst=1,	en=1,	count=233
# tb.monitor_blk time=5180, clk=0,	rst=1,	en=1,	count=233
# tb.monitor_blk time=5185, clk=1,	rst=1,	en=1,	count=234
# tb.monitor_blk time=5190, clk=0,	rst=1,	en=1,	count=234
# tb.monitor_blk time=5195, clk=1,	rst=1,	en=1,	count=235
# tb.monitor_blk time=5200, clk=0,	rst=1,	en=1,	count=235
# tb.monitor_blk time=5205, clk=1,	rst=1,	en=1,	count=236
# tb.monitor_blk time=5210, clk=0,	rst=1,	en=1,	count=236
# tb.monitor_blk time=5215, clk=1,	rst=1,	en=1,	count=237
# tb.monitor_blk time=5220, clk=0,	rst=1,	en=1,	count=237
# tb.monitor_blk time=5225, clk=1,	rst=1,	en=1,	count=238
# tb.monitor_blk time=5230, clk=0,	rst=1,	en=1,	count=238
# tb.monitor_blk time=5235, clk=1,	rst=1,	en=1,	count=239
# tb.monitor_blk time=5240, clk=0,	rst=1,	en=1,	count=239
# tb.monitor_blk time=5245, clk=1,	rst=1,	en=1,	count=240
# tb.monitor_blk time=5250, clk=0,	rst=1,	en=1,	count=240
# tb.monitor_blk time=5255, clk=1,	rst=1,	en=1,	count=241
# tb.monitor_blk time=5260, clk=0,	rst=1,	en=1,	count=241
# tb.monitor_blk time=5265, clk=1,	rst=1,	en=1,	count=242
# tb.monitor_blk time=5270, clk=0,	rst=1,	en=1,	count=242
# tb.monitor_blk time=5275, clk=1,	rst=1,	en=1,	count=243
# tb.monitor_blk time=5280, clk=0,	rst=1,	en=1,	count=243
# tb.monitor_blk time=5285, clk=1,	rst=1,	en=1,	count=244
# tb.monitor_blk time=5290, clk=0,	rst=1,	en=1,	count=244
# tb.monitor_blk time=5295, clk=1,	rst=1,	en=1,	count=245
# tb.monitor_blk time=5300, clk=0,	rst=1,	en=1,	count=245
# tb.monitor_blk time=5305, clk=1,	rst=1,	en=1,	count=246
# tb.monitor_blk time=5310, clk=0,	rst=1,	en=1,	count=246
# tb.monitor_blk time=5315, clk=1,	rst=1,	en=1,	count=247
# tb.monitor_blk time=5320, clk=0,	rst=1,	en=1,	count=247
# tb.monitor_blk time=5325, clk=1,	rst=1,	en=1,	count=248
# tb.monitor_blk time=5330, clk=0,	rst=1,	en=1,	count=248
# tb.monitor_blk time=5335, clk=1,	rst=1,	en=1,	count=249
# tb.monitor_blk time=5340, clk=0,	rst=1,	en=1,	count=249
# tb.monitor_blk time=5345, clk=1,	rst=1,	en=1,	count=250
# tb.monitor_blk time=5350, clk=0,	rst=1,	en=1,	count=250
# tb.monitor_blk time=5355, clk=1,	rst=1,	en=1,	count=251
# tb.monitor_blk time=5360, clk=0,	rst=1,	en=1,	count=251
# tb.monitor_blk time=5365, clk=1,	rst=1,	en=1,	count=252
# tb.monitor_blk time=5370, clk=0,	rst=1,	en=1,	count=252
# tb.monitor_blk time=5375, clk=1,	rst=1,	en=1,	count=253
# tb.monitor_blk time=5380, clk=0,	rst=1,	en=1,	count=253
# tb.monitor_blk time=5385, clk=1,	rst=1,	en=1,	count=254
# tb.monitor_blk time=5390, clk=0,	rst=1,	en=1,	count=254
# tb.monitor_blk time=5395, clk=1,	rst=1,	en=1,	count=255
# tb.monitor_blk time=5400, clk=0,	rst=1,	en=1,	count=255
# tb.monitor_blk time=5405, clk=1,	rst=1,	en=1,	count=  0
# tb.monitor_blk time=5410, clk=0,	rst=1,	en=1,	count=  0
# tb.monitor_blk time=5415, clk=1,	rst=1,	en=1,	count=  1
# tb.monitor_blk time=5420, clk=0,	rst=1,	en=1,	count=  1
# tb.monitor_blk time=5425, clk=1,	rst=1,	en=1,	count=  2
# tb.monitor_blk time=5430, clk=0,	rst=1,	en=1,	count=  2
# tb.monitor_blk time=5435, clk=1,	rst=1,	en=1,	count=  3
# tb.monitor_blk time=5440, clk=0,	rst=1,	en=1,	count=  3
# tb.monitor_blk time=5445, clk=1,	rst=1,	en=1,	count=  4
# tb.monitor_blk time=5450, clk=0,	rst=1,	en=1,	count=  4
# tb.monitor_blk time=5455, clk=1,	rst=1,	en=1,	count=  5
# tb.monitor_blk time=5460, clk=0,	rst=1,	en=1,	count=  5
# tb.monitor_blk time=5465, clk=1,	rst=1,	en=1,	count=  6
# tb.monitor_blk time=5470, clk=0,	rst=1,	en=1,	count=  6
# tb.monitor_blk time=5475, clk=1,	rst=1,	en=1,	count=  7
# tb.monitor_blk time=5480, clk=0,	rst=1,	en=1,	count=  7
# tb.monitor_blk time=5485, clk=1,	rst=1,	en=1,	count=  8
# tb.monitor_blk time=5490, clk=0,	rst=1,	en=1,	count=  8
# tb.monitor_blk time=5495, clk=1,	rst=1,	en=1,	count=  9
# tb.monitor_blk time=5500, clk=0,	rst=1,	en=1,	count=  9
# tb.monitor_blk time=5505, clk=1,	rst=1,	en=1,	count= 10
# tb.monitor_blk time=5510, clk=0,	rst=1,	en=1,	count= 10
# tb.monitor_blk time=5515, clk=1,	rst=1,	en=1,	count= 11
# tb.monitor_blk time=5520, clk=0,	rst=1,	en=1,	count= 11
# tb.monitor_blk time=5525, clk=1,	rst=1,	en=1,	count= 12
# tb.monitor_blk time=5530, clk=0,	rst=1,	en=1,	count= 12
# tb.monitor_blk time=5535, clk=1,	rst=1,	en=1,	count= 13
# tb.monitor_blk time=5540, clk=0,	rst=1,	en=1,	count= 13
# tb.monitor_blk time=5545, clk=1,	rst=1,	en=1,	count= 14
# tb.monitor_blk time=5550, clk=0,	rst=1,	en=1,	count= 14
# tb.monitor_blk time=5555, clk=1,	rst=1,	en=1,	count= 15
# tb.monitor_blk time=5560, clk=0,	rst=1,	en=1,	count= 15
# tb.monitor_blk time=5565, clk=1,	rst=1,	en=1,	count= 16
# tb.monitor_blk time=5570, clk=0,	rst=1,	en=1,	count= 16
# tb.monitor_blk time=5575, clk=1,	rst=1,	en=1,	count= 17
# tb.monitor_blk time=5580, clk=0,	rst=1,	en=1,	count= 17
# tb.monitor_blk time=5585, clk=1,	rst=1,	en=1,	count= 18
# tb.monitor_blk time=5590, clk=0,	rst=1,	en=1,	count= 18
# tb.monitor_blk time=5595, clk=1,	rst=1,	en=1,	count= 19
# tb.monitor_blk time=5600, clk=0,	rst=1,	en=1,	count= 19
# tb.monitor_blk time=5605, clk=1,	rst=1,	en=1,	count= 20
# tb.monitor_blk time=5610, clk=0,	rst=1,	en=1,	count= 20
# tb.monitor_blk time=5615, clk=1,	rst=1,	en=1,	count= 21
# tb.monitor_blk time=5620, clk=0,	rst=1,	en=1,	count= 21
# tb.monitor_blk time=5625, clk=1,	rst=1,	en=1,	count= 22
# tb.monitor_blk time=5630, clk=0,	rst=1,	en=1,	count= 22
# tb.monitor_blk time=5635, clk=1,	rst=1,	en=1,	count= 23
# tb.monitor_blk time=5640, clk=0,	rst=1,	en=1,	count= 23
# tb.monitor_blk time=5645, clk=1,	rst=1,	en=1,	count= 24
# tb.monitor_blk time=5650, clk=0,	rst=1,	en=1,	count= 24
# tb.monitor_blk time=5655, clk=1,	rst=1,	en=1,	count= 25
# tb.monitor_blk time=5660, clk=0,	rst=1,	en=1,	count= 25
# tb.monitor_blk time=5665, clk=1,	rst=1,	en=1,	count= 26
# tb.monitor_blk time=5670, clk=0,	rst=1,	en=1,	count= 26
# tb.monitor_blk time=5675, clk=1,	rst=1,	en=1,	count= 27
# tb.monitor_blk time=5680, clk=0,	rst=1,	en=1,	count= 27
# tb.monitor_blk time=5685, clk=1,	rst=1,	en=1,	count= 28
# tb.monitor_blk time=5690, clk=0,	rst=1,	en=1,	count= 28
# tb.monitor_blk time=5695, clk=1,	rst=1,	en=1,	count= 29
# tb.monitor_blk time=5700, clk=0,	rst=1,	en=1,	count= 29
# tb.monitor_blk time=5705, clk=1,	rst=1,	en=1,	count= 30
# tb.monitor_blk time=5710, clk=0,	rst=1,	en=1,	count= 30
# tb.monitor_blk time=5715, clk=1,	rst=1,	en=1,	count= 31
# tb.monitor_blk time=5720, clk=0,	rst=1,	en=1,	count= 31
# tb.monitor_blk time=5725, clk=1,	rst=1,	en=1,	count= 32
# tb.monitor_blk time=5730, clk=0,	rst=1,	en=1,	count= 32
# tb.monitor_blk time=5735, clk=1,	rst=1,	en=1,	count= 33
# tb.monitor_blk time=5740, clk=0,	rst=1,	en=1,	count= 33
# tb.monitor_blk time=5745, clk=1,	rst=1,	en=1,	count= 34
# tb.monitor_blk time=5750, clk=0,	rst=1,	en=1,	count= 34
# tb.monitor_blk time=5755, clk=1,	rst=1,	en=1,	count= 35
# tb.monitor_blk time=5760, clk=0,	rst=1,	en=1,	count= 35
# tb.monitor_blk time=5765, clk=1,	rst=1,	en=1,	count= 36
# tb.monitor_blk time=5770, clk=0,	rst=1,	en=1,	count= 36
# tb.monitor_blk time=5775, clk=1,	rst=1,	en=1,	count= 37
# tb.monitor_blk time=5780, clk=0,	rst=1,	en=1,	count= 37
# tb.monitor_blk time=5785, clk=1,	rst=1,	en=1,	count= 38
# tb.monitor_blk time=5790, clk=0,	rst=1,	en=1,	count= 38
# tb.monitor_blk time=5795, clk=1,	rst=1,	en=1,	count= 39
# tb.monitor_blk time=5800, clk=0,	rst=1,	en=1,	count= 39
# tb.monitor_blk time=5805, clk=1,	rst=1,	en=1,	count= 40
# tb.monitor_blk time=5810, clk=0,	rst=1,	en=1,	count= 40
# tb.monitor_blk time=5815, clk=1,	rst=1,	en=1,	count= 41
# tb.monitor_blk time=5820, clk=0,	rst=1,	en=1,	count= 41
# tb.monitor_blk time=5825, clk=1,	rst=1,	en=1,	count= 42
# tb.monitor_blk time=5830, clk=0,	rst=1,	en=1,	count= 42
# tb.monitor_blk time=5835, clk=1,	rst=1,	en=1,	count= 43
# tb.monitor_blk time=5840, clk=0,	rst=1,	en=1,	count= 43
# tb.monitor_blk time=5845, clk=1,	rst=1,	en=1,	count= 44
# tb.monitor_blk time=5850, clk=0,	rst=1,	en=1,	count= 44
# tb.monitor_blk time=5855, clk=1,	rst=1,	en=1,	count= 45
# ** Note: $finish    : ../tb/counter_tb.v(79)
#    Time: 5860 ns  Iteration: 0  Instance: /tb
# End time: 13:46:18 on Sep 26,2018, Elapsed time: 0:00:01
# Errors: 0, Warnings: 0
